{"contracts/crowdsale/MintingCrowdsale.sol":{"l":{"95":28,"96":27,"97":26,"98":25,"99":24,"100":23,"103":21,"104":20,"105":19,"106":18,"107":17,"110":16,"112":15,"113":15,"114":15,"115":15,"116":15,"117":15,"118":15,"119":15,"120":15,"121":15,"122":15,"124":15,"125":15,"132":2,"139":16,"147":16,"154":59,"160":39,"166":7,"167":4,"170":3,"176":80,"182":33,"184":28,"186":28,"189":28,"191":28,"192":27,"194":26,"195":26,"196":25,"198":25,"203":11,"204":9,"206":7,"207":7,"209":7,"210":7,"212":7,"225":30,"226":26,"228":22,"229":34,"230":34,"232":34,"234":32,"235":32,"237":32,"240":20,"245":5},"path":"/home/lukas/stokr/stokr-smart-contracts/contracts/crowdsale/MintingCrowdsale.sol","s":{"1":28,"2":27,"3":26,"4":25,"5":24,"6":23,"7":21,"8":20,"9":19,"10":18,"11":17,"12":15,"13":15,"14":15,"15":15,"16":15,"17":15,"18":15,"19":15,"20":15,"21":15,"22":15,"23":15,"24":15,"25":2,"26":16,"27":16,"28":59,"29":39,"30":7,"31":4,"32":3,"33":80,"34":33,"35":28,"36":28,"37":28,"38":28,"39":27,"40":26,"41":25,"42":25,"43":11,"44":9,"45":7,"46":7,"47":7,"48":30,"49":26,"50":22,"51":34,"52":34,"53":34,"54":32,"55":32,"56":20},"b":{"1":[27,1],"2":[26,1],"3":[25,1],"4":[24,1],"5":[23,1],"6":[21,2],"7":[20,1],"8":[19,1],"9":[18,1],"10":[17,1],"11":[16,1],"12":[4,3],"13":[28,5],"14":[28,0],"15":[27,1],"16":[26,1],"17":[9,2],"18":[7,2],"19":[7,0],"20":[26,4],"21":[22,4],"22":[32,2]},"f":{"1":28,"2":2,"3":16,"4":16,"5":59,"6":39,"7":7,"8":80,"9":33,"10":11,"11":30,"12":5},"fnMap":{"1":{"name":null,"line":80,"loc":{"start":{"line":80,"column":4},"end":{"line":94,"column":5}}},"2":{"name":null,"line":131,"loc":{"start":{"line":131,"column":4},"end":{"line":131,"column":28}}},"3":{"name":"distributeTokensViaPublicSale","line":138,"loc":{"start":{"line":138,"column":4},"end":{"line":138,"column":88}}},"4":{"name":"distributeTokensViaPrivateSale","line":146,"loc":{"start":{"line":146,"column":4},"end":{"line":146,"column":89}}},"5":{"name":"hasClosed","line":153,"loc":{"start":{"line":153,"column":4},"end":{"line":153,"column":49}}},"6":{"name":"isOpen","line":159,"loc":{"start":{"line":159,"column":4},"end":{"line":159,"column":46}}},"7":{"name":"timeRemaining","line":165,"loc":{"start":{"line":165,"column":4},"end":{"line":165,"column":53}}},"8":{"name":"tokenSold","line":175,"loc":{"start":{"line":175,"column":4},"end":{"line":175,"column":49}}},"9":{"name":"buyTokens","line":181,"loc":{"start":{"line":181,"column":4},"end":{"line":181,"column":37}}},"10":{"name":"finalize","line":202,"loc":{"start":{"line":202,"column":4},"end":{"line":202,"column":38}}},"11":{"name":"distributeTokens","line":220,"loc":{"start":{"line":220,"column":4},"end":{"line":224,"column":5}}},"12":{"name":"forwardFunds","line":244,"loc":{"start":{"line":244,"column":4},"end":{"line":244,"column":34}}}},"statementMap":{"1":{"start":{"line":95,"column":8},"end":{"line":95,"column":75}},"2":{"start":{"line":96,"column":8},"end":{"line":96,"column":72}},"3":{"start":{"line":97,"column":8},"end":{"line":97,"column":75}},"4":{"start":{"line":98,"column":8},"end":{"line":98,"column":71}},"5":{"start":{"line":99,"column":8},"end":{"line":99,"column":73}},"6":{"start":{"line":100,"column":8},"end":{"line":100,"column":3948}},"7":{"start":{"line":103,"column":8},"end":{"line":103,"column":54}},"8":{"start":{"line":104,"column":8},"end":{"line":104,"column":63}},"9":{"start":{"line":105,"column":8},"end":{"line":105,"column":75}},"10":{"start":{"line":106,"column":8},"end":{"line":106,"column":72}},"11":{"start":{"line":107,"column":8},"end":{"line":107,"column":74}},"12":{"start":{"line":112,"column":8},"end":{"line":112,"column":31}},"13":{"start":{"line":113,"column":8},"end":{"line":113,"column":21}},"14":{"start":{"line":114,"column":8},"end":{"line":114,"column":51}},"15":{"start":{"line":115,"column":8},"end":{"line":115,"column":53}},"16":{"start":{"line":116,"column":8},"end":{"line":116,"column":51}},"17":{"start":{"line":117,"column":8},"end":{"line":117,"column":49}},"18":{"start":{"line":118,"column":8},"end":{"line":118,"column":31}},"19":{"start":{"line":119,"column":8},"end":{"line":119,"column":33}},"20":{"start":{"line":120,"column":8},"end":{"line":120,"column":33}},"21":{"start":{"line":121,"column":8},"end":{"line":121,"column":37}},"22":{"start":{"line":122,"column":8},"end":{"line":122,"column":39}},"23":{"start":{"line":124,"column":8},"end":{"line":124,"column":58}},"24":{"start":{"line":125,"column":8},"end":{"line":125,"column":60}},"25":{"start":{"line":132,"column":8},"end":{"line":132,"column":18}},"26":{"start":{"line":139,"column":8},"end":{"line":139,"column":5686}},"27":{"start":{"line":147,"column":8},"end":{"line":147,"column":6116}},"28":{"start":{"line":154,"column":8},"end":{"line":154,"column":33}},"29":{"start":{"line":160,"column":8},"end":{"line":160,"column":49}},"30":{"start":{"line":166,"column":8},"end":{"line":166,"column":6796}},"31":{"start":{"line":167,"column":12},"end":{"line":167,"column":20}},"32":{"start":{"line":170,"column":8},"end":{"line":170,"column":32}},"33":{"start":{"line":176,"column":8},"end":{"line":176,"column":7121}},"34":{"start":{"line":182,"column":8},"end":{"line":182,"column":44}},"35":{"start":{"line":184,"column":8},"end":{"line":184,"column":46}},"36":{"start":{"line":186,"column":8},"end":{"line":186,"column":51}},"37":{"start":{"line":189,"column":8},"end":{"line":189,"column":61}},"38":{"start":{"line":191,"column":8},"end":{"line":191,"column":84}},"39":{"start":{"line":192,"column":8},"end":{"line":192,"column":71}},"40":{"start":{"line":194,"column":8},"end":{"line":194,"column":76}},"41":{"start":{"line":196,"column":8},"end":{"line":196,"column":21}},"42":{"start":{"line":198,"column":8},"end":{"line":198,"column":57}},"43":{"start":{"line":203,"column":8},"end":{"line":203,"column":63}},"44":{"start":{"line":204,"column":8},"end":{"line":204,"column":50}},"45":{"start":{"line":206,"column":8},"end":{"line":206,"column":8189}},"46":{"start":{"line":210,"column":8},"end":{"line":210,"column":25}},"47":{"start":{"line":212,"column":8},"end":{"line":212,"column":27}},"48":{"start":{"line":225,"column":8},"end":{"line":225,"column":55}},"49":{"start":{"line":226,"column":8},"end":{"line":226,"column":79}},"50":{"start":{"line":228,"column":8},"end":{"line":228,"column":9052}},"51":{"start":{"line":229,"column":12},"end":{"line":229,"column":49}},"52":{"start":{"line":230,"column":12},"end":{"line":230,"column":35}},"53":{"start":{"line":232,"column":12},"end":{"line":232,"column":75}},"54":{"start":{"line":234,"column":12},"end":{"line":234,"column":53}},"55":{"start":{"line":237,"column":12},"end":{"line":237,"column":55}},"56":{"start":{"line":240,"column":8},"end":{"line":240,"column":29}}},"branchMap":{"1":{"line":95,"type":"if","locations":[{"start":{"line":95,"column":8},"end":{"line":95,"column":8}},{"start":{"line":95,"column":8},"end":{"line":95,"column":8}}]},"2":{"line":96,"type":"if","locations":[{"start":{"line":96,"column":8},"end":{"line":96,"column":8}},{"start":{"line":96,"column":8},"end":{"line":96,"column":8}}]},"3":{"line":97,"type":"if","locations":[{"start":{"line":97,"column":8},"end":{"line":97,"column":8}},{"start":{"line":97,"column":8},"end":{"line":97,"column":8}}]},"4":{"line":98,"type":"if","locations":[{"start":{"line":98,"column":8},"end":{"line":98,"column":8}},{"start":{"line":98,"column":8},"end":{"line":98,"column":8}}]},"5":{"line":99,"type":"if","locations":[{"start":{"line":99,"column":8},"end":{"line":99,"column":8}},{"start":{"line":99,"column":8},"end":{"line":99,"column":8}}]},"6":{"line":100,"type":"if","locations":[{"start":{"line":100,"column":8},"end":{"line":100,"column":8}},{"start":{"line":100,"column":8},"end":{"line":100,"column":8}}]},"7":{"line":103,"type":"if","locations":[{"start":{"line":103,"column":8},"end":{"line":103,"column":8}},{"start":{"line":103,"column":8},"end":{"line":103,"column":8}}]},"8":{"line":104,"type":"if","locations":[{"start":{"line":104,"column":8},"end":{"line":104,"column":8}},{"start":{"line":104,"column":8},"end":{"line":104,"column":8}}]},"9":{"line":105,"type":"if","locations":[{"start":{"line":105,"column":8},"end":{"line":105,"column":8}},{"start":{"line":105,"column":8},"end":{"line":105,"column":8}}]},"10":{"line":106,"type":"if","locations":[{"start":{"line":106,"column":8},"end":{"line":106,"column":8}},{"start":{"line":106,"column":8},"end":{"line":106,"column":8}}]},"11":{"line":107,"type":"if","locations":[{"start":{"line":107,"column":8},"end":{"line":107,"column":8}},{"start":{"line":107,"column":8},"end":{"line":107,"column":8}}]},"12":{"line":166,"type":"if","locations":[{"start":{"line":166,"column":8},"end":{"line":166,"column":8}},{"start":{"line":166,"column":8},"end":{"line":166,"column":8}}]},"13":{"line":182,"type":"if","locations":[{"start":{"line":182,"column":8},"end":{"line":182,"column":8}},{"start":{"line":182,"column":8},"end":{"line":182,"column":8}}]},"14":{"line":186,"type":"if","locations":[{"start":{"line":186,"column":8},"end":{"line":186,"column":8}},{"start":{"line":186,"column":8},"end":{"line":186,"column":8}}]},"15":{"line":191,"type":"if","locations":[{"start":{"line":191,"column":8},"end":{"line":191,"column":8}},{"start":{"line":191,"column":8},"end":{"line":191,"column":8}}]},"16":{"line":192,"type":"if","locations":[{"start":{"line":192,"column":8},"end":{"line":192,"column":8}},{"start":{"line":192,"column":8},"end":{"line":192,"column":8}}]},"17":{"line":203,"type":"if","locations":[{"start":{"line":203,"column":8},"end":{"line":203,"column":8}},{"start":{"line":203,"column":8},"end":{"line":203,"column":8}}]},"18":{"line":204,"type":"if","locations":[{"start":{"line":204,"column":8},"end":{"line":204,"column":8}},{"start":{"line":204,"column":8},"end":{"line":204,"column":8}}]},"19":{"line":206,"type":"if","locations":[{"start":{"line":206,"column":8},"end":{"line":206,"column":8}},{"start":{"line":206,"column":8},"end":{"line":206,"column":8}}]},"20":{"line":225,"type":"if","locations":[{"start":{"line":225,"column":8},"end":{"line":225,"column":8}},{"start":{"line":225,"column":8},"end":{"line":225,"column":8}}]},"21":{"line":226,"type":"if","locations":[{"start":{"line":226,"column":8},"end":{"line":226,"column":8}},{"start":{"line":226,"column":8},"end":{"line":226,"column":8}}]},"22":{"line":232,"type":"if","locations":[{"start":{"line":232,"column":12},"end":{"line":232,"column":12}},{"start":{"line":232,"column":12},"end":{"line":232,"column":12}}]}}},"contracts/crowdsale/RateSourceInterface.sol":{"l":{},"path":"/home/lukas/stokr/stokr-smart-contracts/contracts/crowdsale/RateSourceInterface.sol","s":{},"b":{},"f":{},"fnMap":{},"statementMap":{},"branchMap":{}},"contracts/crowdsale/StokrCrowdsale.sol":{"l":{"66":15,"68":14,"74":53,"79":9,"80":11,"86":11,"92":22,"93":14,"95":12,"97":12,"98":10,"99":10,"101":10,"107":11,"109":7,"110":3,"116":25,"117":5,"120":20},"path":"/home/lukas/stokr/stokr-smart-contracts/contracts/crowdsale/StokrCrowdsale.sol","s":{"1":15,"2":14,"3":53,"4":9,"5":11,"6":11,"7":22,"8":14,"9":12,"10":12,"11":10,"12":10,"13":7,"14":3,"15":25,"16":20},"b":{"1":[14,1],"2":[14,8],"3":[12,2],"4":[10,2],"5":[3,4],"6":[5,20]},"f":{"1":15,"2":53,"3":9,"4":11,"5":22,"6":11,"7":25},"fnMap":{"1":{"name":null,"line":37,"loc":{"start":{"line":37,"column":4},"end":{"line":65,"column":5}}},"2":{"name":"goalReached","line":73,"loc":{"start":{"line":73,"column":4},"end":{"line":73,"column":51}}},"3":{"name":"distributeRefunds","line":78,"loc":{"start":{"line":78,"column":4},"end":{"line":78,"column":67}}},"4":{"name":"claimRefund","line":85,"loc":{"start":{"line":85,"column":4},"end":{"line":85,"column":31}}},"5":{"name":"refundInvestor","line":91,"loc":{"start":{"line":91,"column":4},"end":{"line":91,"column":53}}},"6":{"name":"finalize","line":106,"loc":{"start":{"line":106,"column":4},"end":{"line":106,"column":38}}},"7":{"name":"forwardFunds","line":115,"loc":{"start":{"line":115,"column":4},"end":{"line":115,"column":34}}}},"statementMap":{"1":{"start":{"line":66,"column":8},"end":{"line":66,"column":102}},"2":{"start":{"line":68,"column":8},"end":{"line":68,"column":29}},"3":{"start":{"line":74,"column":8},"end":{"line":74,"column":39}},"4":{"start":{"line":79,"column":8},"end":{"line":79,"column":2809}},"5":{"start":{"line":80,"column":12},"end":{"line":80,"column":40}},"6":{"start":{"line":86,"column":8},"end":{"line":86,"column":33}},"7":{"start":{"line":92,"column":8},"end":{"line":92,"column":58}},"8":{"start":{"line":93,"column":8},"end":{"line":93,"column":50}},"9":{"start":{"line":95,"column":8},"end":{"line":95,"column":47}},"10":{"start":{"line":97,"column":8},"end":{"line":97,"column":3420}},"11":{"start":{"line":98,"column":12},"end":{"line":98,"column":37}},"12":{"start":{"line":101,"column":12},"end":{"line":101,"column":54}},"13":{"start":{"line":109,"column":8},"end":{"line":109,"column":3738}},"14":{"start":{"line":110,"column":12},"end":{"line":110,"column":28}},"15":{"start":{"line":116,"column":8},"end":{"line":116,"column":3935}},"16":{"start":{"line":120,"column":12},"end":{"line":120,"column":75}}},"branchMap":{"1":{"line":66,"type":"if","locations":[{"start":{"line":66,"column":8},"end":{"line":66,"column":8}},{"start":{"line":66,"column":8},"end":{"line":66,"column":8}}]},"2":{"line":92,"type":"if","locations":[{"start":{"line":92,"column":8},"end":{"line":92,"column":8}},{"start":{"line":92,"column":8},"end":{"line":92,"column":8}}]},"3":{"line":93,"type":"if","locations":[{"start":{"line":93,"column":8},"end":{"line":93,"column":8}},{"start":{"line":93,"column":8},"end":{"line":93,"column":8}}]},"4":{"line":97,"type":"if","locations":[{"start":{"line":97,"column":8},"end":{"line":97,"column":8}},{"start":{"line":97,"column":8},"end":{"line":97,"column":8}}]},"5":{"line":109,"type":"if","locations":[{"start":{"line":109,"column":8},"end":{"line":109,"column":8}},{"start":{"line":109,"column":8},"end":{"line":109,"column":8}}]},"6":{"line":116,"type":"if","locations":[{"start":{"line":116,"column":8},"end":{"line":116,"column":8}},{"start":{"line":116,"column":8},"end":{"line":116,"column":8}}]}}},"contracts/crowdsale/StokrCrowdsaleFactory.sol":{"l":{"22":6,"36":6,"38":6},"path":"/home/lukas/stokr/stokr-smart-contracts/contracts/crowdsale/StokrCrowdsaleFactory.sol","s":{"1":6,"2":6},"b":{},"f":{"1":6},"fnMap":{"1":{"name":"createNewCrowdsale","line":11,"loc":{"start":{"line":11,"column":4},"end":{"line":21,"column":5}}}},"statementMap":{"1":{"start":{"line":22,"column":8},"end":{"line":22,"column":673}},"2":{"start":{"line":38,"column":8},"end":{"line":38,"column":24}}},"branchMap":{}},"contracts/math/SafeMath.sol":{"l":{"10":255,"12":255,"14":255,"19":117,"21":117,"26":107,"27":12,"30":95,"32":95,"34":94,"39":91},"path":"/home/lukas/stokr/stokr-smart-contracts/contracts/math/SafeMath.sol","s":{"1":255,"2":255,"3":255,"4":117,"5":117,"6":107,"7":12,"8":95,"9":95,"10":94,"11":91},"b":{"1":[255,0],"2":[117,0],"3":[12,95],"4":[94,1]},"f":{"1":255,"2":117,"3":107,"4":91},"fnMap":{"1":{"name":"add","line":9,"loc":{"start":{"line":9,"column":4},"end":{"line":9,"column":59}}},"2":{"name":"sub","line":18,"loc":{"start":{"line":18,"column":4},"end":{"line":18,"column":59}}},"3":{"name":"mul","line":25,"loc":{"start":{"line":25,"column":4},"end":{"line":25,"column":59}}},"4":{"name":"div","line":38,"loc":{"start":{"line":38,"column":4},"end":{"line":38,"column":59}}}},"statementMap":{"1":{"start":{"line":10,"column":8},"end":{"line":10,"column":21}},"2":{"start":{"line":12,"column":8},"end":{"line":12,"column":21}},"3":{"start":{"line":14,"column":8},"end":{"line":14,"column":16}},"4":{"start":{"line":19,"column":8},"end":{"line":19,"column":21}},"5":{"start":{"line":21,"column":8},"end":{"line":21,"column":20}},"6":{"start":{"line":26,"column":8},"end":{"line":26,"column":569}},"7":{"start":{"line":27,"column":12},"end":{"line":27,"column":20}},"8":{"start":{"line":30,"column":8},"end":{"line":30,"column":21}},"9":{"start":{"line":32,"column":8},"end":{"line":32,"column":25}},"10":{"start":{"line":34,"column":8},"end":{"line":34,"column":16}},"11":{"start":{"line":39,"column":8},"end":{"line":39,"column":20}}},"branchMap":{"1":{"line":12,"type":"if","locations":[{"start":{"line":12,"column":8},"end":{"line":12,"column":8}},{"start":{"line":12,"column":8},"end":{"line":12,"column":8}}]},"2":{"line":19,"type":"if","locations":[{"start":{"line":19,"column":8},"end":{"line":19,"column":8}},{"start":{"line":19,"column":8},"end":{"line":19,"column":8}}]},"3":{"line":26,"type":"if","locations":[{"start":{"line":26,"column":8},"end":{"line":26,"column":8}},{"start":{"line":26,"column":8},"end":{"line":26,"column":8}}]},"4":{"line":32,"type":"if","locations":[{"start":{"line":32,"column":8},"end":{"line":32,"column":8}},{"start":{"line":32,"column":8},"end":{"line":32,"column":8}}]}}},"contracts/mockups/RateSourceMockup.sol":{"l":{"11":21,"15":52},"path":"/home/lukas/stokr/stokr-smart-contracts/contracts/mockups/RateSourceMockup.sol","s":{"1":21,"2":52},"b":{},"f":{"1":21,"2":52},"fnMap":{"1":{"name":null,"line":10,"loc":{"start":{"line":10,"column":4},"end":{"line":10,"column":37}}},"2":{"name":"etherRate","line":14,"loc":{"start":{"line":14,"column":4},"end":{"line":14,"column":49}}}},"statementMap":{"1":{"start":{"line":11,"column":8},"end":{"line":11,"column":29}},"2":{"start":{"line":15,"column":8},"end":{"line":15,"column":25}}},"branchMap":{}},"contracts/ownership/Ownable.sol":{"l":{"20":312,"21":295,"26":100,"32":24,"34":24,"36":24},"path":"/home/lukas/stokr/stokr-smart-contracts/contracts/ownership/Ownable.sol","s":{"1":312,"2":100,"3":24,"4":24,"5":24},"b":{"1":[295,17],"2":[24,0]},"f":{"1":312,"2":100,"3":24},"fnMap":{"1":{"name":"onlyOwner","line":19,"loc":{"start":{"line":19,"column":4},"end":{"line":19,"column":22}}},"2":{"name":null,"line":25,"loc":{"start":{"line":25,"column":4},"end":{"line":25,"column":22}}},"3":{"name":"transferOwnership","line":31,"loc":{"start":{"line":31,"column":4},"end":{"line":31,"column":64}}}},"statementMap":{"1":{"start":{"line":20,"column":8},"end":{"line":20,"column":58}},"2":{"start":{"line":26,"column":8},"end":{"line":26,"column":25}},"3":{"start":{"line":32,"column":8},"end":{"line":32,"column":62}},"4":{"start":{"line":34,"column":8},"end":{"line":34,"column":24}},"5":{"start":{"line":36,"column":8},"end":{"line":36,"column":51}}},"branchMap":{"1":{"line":20,"type":"if","locations":[{"start":{"line":20,"column":8},"end":{"line":20,"column":8}},{"start":{"line":20,"column":8},"end":{"line":20,"column":8}}]},"2":{"line":32,"type":"if","locations":[{"start":{"line":32,"column":8},"end":{"line":32,"column":8}},{"start":{"line":32,"column":8},"end":{"line":32,"column":8}}]}}},"contracts/recovery/KeyRecoverable.sol":{"l":{"24":4,"25":3,"31":36,"37":39,"39":37,"40":2,"42":37},"path":"/home/lukas/stokr/stokr-smart-contracts/contracts/recovery/KeyRecoverable.sol","s":{"1":4,"2":36,"3":39,"4":37,"5":2,"6":37},"b":{"1":[3,1],"2":[37,2],"3":[2,35]},"f":{"1":4,"2":36,"3":39},"fnMap":{"1":{"name":"onlyKeyRecoverer","line":23,"loc":{"start":{"line":23,"column":4},"end":{"line":23,"column":29}}},"2":{"name":null,"line":30,"loc":{"start":{"line":30,"column":4},"end":{"line":30,"column":43}}},"3":{"name":"setKeyRecoverer","line":36,"loc":{"start":{"line":36,"column":4},"end":{"line":36,"column":69}}}},"statementMap":{"1":{"start":{"line":24,"column":8},"end":{"line":24,"column":73}},"2":{"start":{"line":31,"column":8},"end":{"line":31,"column":37}},"3":{"start":{"line":37,"column":8},"end":{"line":37,"column":77}},"4":{"start":{"line":39,"column":8},"end":{"line":39,"column":1225}},"5":{"start":{"line":40,"column":12},"end":{"line":40,"column":53}},"6":{"start":{"line":42,"column":8},"end":{"line":42,"column":38}}},"branchMap":{"1":{"line":24,"type":"if","locations":[{"start":{"line":24,"column":8},"end":{"line":24,"column":8}},{"start":{"line":24,"column":8},"end":{"line":24,"column":8}}]},"2":{"line":37,"type":"if","locations":[{"start":{"line":37,"column":8},"end":{"line":37,"column":8}},{"start":{"line":37,"column":8},"end":{"line":37,"column":8}}]},"3":{"line":39,"type":"if","locations":[{"start":{"line":39,"column":8},"end":{"line":39,"column":8}},{"start":{"line":39,"column":8},"end":{"line":39,"column":8}}]}}},"contracts/StokrProjectManager.sol":{"l":{"54":9,"55":7,"62":2,"64":1,"65":1,"71":3,"73":2,"79":3,"81":2,"87":3,"89":2,"95":6,"97":5,"98":4,"100":4,"108":7,"110":4,"111":3,"113":3,"120":9,"126":6,"143":6,"144":6,"145":6,"156":6,"164":6,"171":6,"172":6,"173":6,"176":6},"path":"/home/lukas/stokr/stokr-smart-contracts/contracts/StokrProjectManager.sol","s":{"1":9,"2":2,"3":1,"4":1,"5":3,"6":2,"7":3,"8":2,"9":3,"10":2,"11":6,"12":5,"13":4,"14":4,"15":7,"16":4,"17":3,"18":3,"19":9,"20":6,"21":6,"22":6,"23":6,"24":6,"25":6},"b":{"1":[7,2],"2":[1,1],"3":[2,1],"4":[2,1],"5":[2,1],"6":[5,1],"7":[4,1],"8":[4,3],"9":[3,1],"10":[6,0],"11":[6,0],"12":[6,0]},"f":{"1":9,"2":2,"3":3,"4":3,"5":3,"6":6,"7":7,"8":9,"9":6,"10":6},"fnMap":{"1":{"name":"onlyRateAdmin","line":53,"loc":{"start":{"line":53,"column":4},"end":{"line":53,"column":26}}},"2":{"name":null,"line":61,"loc":{"start":{"line":61,"column":4},"end":{"line":61,"column":36}}},"3":{"name":"setWhitelist","line":70,"loc":{"start":{"line":70,"column":4},"end":{"line":70,"column":64}}},"4":{"name":"setTokenFactory","line":78,"loc":{"start":{"line":78,"column":4},"end":{"line":78,"column":78}}},"5":{"name":"setCrowdsaleFactory","line":86,"loc":{"start":{"line":86,"column":4},"end":{"line":86,"column":90}}},"6":{"name":"setRateAdmin","line":94,"loc":{"start":{"line":94,"column":4},"end":{"line":94,"column":62}}},"7":{"name":"setRate","line":106,"loc":{"start":{"line":106,"column":4},"end":{"line":106,"column":53}}},"8":{"name":"etherRate","line":119,"loc":{"start":{"line":119,"column":4},"end":{"line":119,"column":49}}},"9":{"name":"projectsCount","line":125,"loc":{"start":{"line":125,"column":4},"end":{"line":125,"column":53}}},"10":{"name":"createNewProject","line":131,"loc":{"start":{"line":131,"column":4},"end":{"line":142,"column":5}}}},"statementMap":{"1":{"start":{"line":54,"column":8},"end":{"line":54,"column":67}},"2":{"start":{"line":62,"column":8},"end":{"line":62,"column":51}},"3":{"start":{"line":64,"column":8},"end":{"line":64,"column":43}},"4":{"start":{"line":65,"column":8},"end":{"line":65,"column":23}},"5":{"start":{"line":71,"column":8},"end":{"line":71,"column":74}},"6":{"start":{"line":73,"column":8},"end":{"line":73,"column":38}},"7":{"start":{"line":79,"column":8},"end":{"line":79,"column":81}},"8":{"start":{"line":81,"column":8},"end":{"line":81,"column":37}},"9":{"start":{"line":87,"column":8},"end":{"line":87,"column":89}},"10":{"start":{"line":89,"column":8},"end":{"line":89,"column":45}},"11":{"start":{"line":95,"column":8},"end":{"line":95,"column":70}},"12":{"start":{"line":97,"column":8},"end":{"line":97,"column":3248}},"13":{"start":{"line":98,"column":12},"end":{"line":98,"column":57}},"14":{"start":{"line":100,"column":12},"end":{"line":100,"column":35}},"15":{"start":{"line":108,"column":8},"end":{"line":108,"column":81}},"16":{"start":{"line":110,"column":8},"end":{"line":110,"column":3746}},"17":{"start":{"line":111,"column":12},"end":{"line":111,"column":42}},"18":{"start":{"line":113,"column":12},"end":{"line":113,"column":25}},"19":{"start":{"line":120,"column":8},"end":{"line":120,"column":19}},"20":{"start":{"line":126,"column":8},"end":{"line":126,"column":30}},"21":{"start":{"line":143,"column":8},"end":{"line":143,"column":78}},"22":{"start":{"line":144,"column":8},"end":{"line":144,"column":78}},"23":{"start":{"line":145,"column":8},"end":{"line":145,"column":86}},"24":{"start":{"line":156,"column":8},"end":{"line":156,"column":5754}},"25":{"start":{"line":164,"column":8},"end":{"line":164,"column":6045}}},"branchMap":{"1":{"line":54,"type":"if","locations":[{"start":{"line":54,"column":8},"end":{"line":54,"column":8}},{"start":{"line":54,"column":8},"end":{"line":54,"column":8}}]},"2":{"line":62,"type":"if","locations":[{"start":{"line":62,"column":8},"end":{"line":62,"column":8}},{"start":{"line":62,"column":8},"end":{"line":62,"column":8}}]},"3":{"line":71,"type":"if","locations":[{"start":{"line":71,"column":8},"end":{"line":71,"column":8}},{"start":{"line":71,"column":8},"end":{"line":71,"column":8}}]},"4":{"line":79,"type":"if","locations":[{"start":{"line":79,"column":8},"end":{"line":79,"column":8}},{"start":{"line":79,"column":8},"end":{"line":79,"column":8}}]},"5":{"line":87,"type":"if","locations":[{"start":{"line":87,"column":8},"end":{"line":87,"column":8}},{"start":{"line":87,"column":8},"end":{"line":87,"column":8}}]},"6":{"line":95,"type":"if","locations":[{"start":{"line":95,"column":8},"end":{"line":95,"column":8}},{"start":{"line":95,"column":8},"end":{"line":95,"column":8}}]},"7":{"line":97,"type":"if","locations":[{"start":{"line":97,"column":8},"end":{"line":97,"column":8}},{"start":{"line":97,"column":8},"end":{"line":97,"column":8}}]},"8":{"line":108,"type":"if","locations":[{"start":{"line":108,"column":8},"end":{"line":108,"column":8}},{"start":{"line":108,"column":8},"end":{"line":108,"column":8}}]},"9":{"line":110,"type":"if","locations":[{"start":{"line":110,"column":8},"end":{"line":110,"column":8}},{"start":{"line":110,"column":8},"end":{"line":110,"column":8}}]},"10":{"line":143,"type":"if","locations":[{"start":{"line":143,"column":8},"end":{"line":143,"column":8}},{"start":{"line":143,"column":8},"end":{"line":143,"column":8}}]},"11":{"line":144,"type":"if","locations":[{"start":{"line":144,"column":8},"end":{"line":144,"column":8}},{"start":{"line":144,"column":8},"end":{"line":144,"column":8}}]},"12":{"line":145,"type":"if","locations":[{"start":{"line":145,"column":8},"end":{"line":145,"column":8}},{"start":{"line":145,"column":8},"end":{"line":145,"column":8}}]}}},"contracts/token/ERC20.sol":{"l":{},"path":"/home/lukas/stokr/stokr-smart-contracts/contracts/token/ERC20.sol","s":{},"b":{},"f":{},"fnMap":{},"statementMap":{},"branchMap":{}},"contracts/token/MintableToken.sol":{"l":{"28":99,"29":97,"34":94,"35":92,"40":6,"41":3,"47":23,"48":22,"50":21,"57":76,"58":67,"61":76,"62":76,"64":76,"65":76,"70":14,"72":14,"78":24},"path":"/home/lukas/stokr/stokr-smart-contracts/contracts/token/MintableToken.sol","s":{"1":99,"2":94,"3":6,"4":23,"5":22,"6":21,"7":76,"8":76,"9":76,"10":76,"11":76,"12":14,"13":14,"14":24},"b":{"1":[97,2],"2":[92,2],"3":[3,3],"4":[22,1],"5":[21,1],"6":[67,9]},"f":{"1":99,"2":94,"3":6,"4":23,"5":76,"6":14,"7":24},"fnMap":{"1":{"name":"onlyMinter","line":27,"loc":{"start":{"line":27,"column":4},"end":{"line":27,"column":23}}},"2":{"name":"canMint","line":33,"loc":{"start":{"line":33,"column":4},"end":{"line":33,"column":20}}},"3":{"name":"notMinting","line":39,"loc":{"start":{"line":39,"column":4},"end":{"line":39,"column":23}}},"4":{"name":"setMinter","line":46,"loc":{"start":{"line":46,"column":4},"end":{"line":46,"column":54}}},"5":{"name":"mint","line":56,"loc":{"start":{"line":56,"column":4},"end":{"line":56,"column":89}}},"6":{"name":"finishMinting","line":69,"loc":{"start":{"line":69,"column":4},"end":{"line":69,"column":52}}},"7":{"name":"mintingFinished","line":77,"loc":{"start":{"line":77,"column":4},"end":{"line":77,"column":55}}}},"statementMap":{"1":{"start":{"line":28,"column":8},"end":{"line":28,"column":60}},"2":{"start":{"line":34,"column":8},"end":{"line":34,"column":66}},"3":{"start":{"line":40,"column":8},"end":{"line":40,"column":61}},"4":{"start":{"line":47,"column":8},"end":{"line":47,"column":69}},"5":{"start":{"line":48,"column":8},"end":{"line":48,"column":57}},"6":{"start":{"line":50,"column":8},"end":{"line":50,"column":23}},"7":{"start":{"line":57,"column":8},"end":{"line":57,"column":1936}},"8":{"start":{"line":61,"column":8},"end":{"line":61,"column":47}},"9":{"start":{"line":62,"column":8},"end":{"line":62,"column":65}},"10":{"start":{"line":64,"column":8},"end":{"line":64,"column":33}},"11":{"start":{"line":65,"column":8},"end":{"line":65,"column":49}},"12":{"start":{"line":70,"column":8},"end":{"line":70,"column":32}},"13":{"start":{"line":72,"column":8},"end":{"line":72,"column":27}},"14":{"start":{"line":78,"column":8},"end":{"line":78,"column":33}}},"branchMap":{"1":{"line":28,"type":"if","locations":[{"start":{"line":28,"column":8},"end":{"line":28,"column":8}},{"start":{"line":28,"column":8},"end":{"line":28,"column":8}}]},"2":{"line":34,"type":"if","locations":[{"start":{"line":34,"column":8},"end":{"line":34,"column":8}},{"start":{"line":34,"column":8},"end":{"line":34,"column":8}}]},"3":{"line":40,"type":"if","locations":[{"start":{"line":40,"column":8},"end":{"line":40,"column":8}},{"start":{"line":40,"column":8},"end":{"line":40,"column":8}}]},"4":{"line":47,"type":"if","locations":[{"start":{"line":47,"column":8},"end":{"line":47,"column":8}},{"start":{"line":47,"column":8},"end":{"line":47,"column":8}}]},"5":{"line":48,"type":"if","locations":[{"start":{"line":48,"column":8},"end":{"line":48,"column":8}},{"start":{"line":48,"column":8},"end":{"line":48,"column":8}}]},"6":{"line":57,"type":"if","locations":[{"start":{"line":57,"column":8},"end":{"line":57,"column":8}},{"start":{"line":57,"column":8},"end":{"line":57,"column":8}}]}}},"contracts/token/ProfitSharing.sol":{"l":{"79":12,"80":10,"85":3,"86":2,"92":38,"97":3,"103":41,"106":39,"107":2,"109":39,"115":10,"118":9,"119":1,"121":9,"126":10,"128":10,"135":59,"136":3,"139":56,"141":56,"150":19,"152":15,"154":15,"155":15,"157":15,"162":3,"166":2,"171":2,"172":4,"178":9,"180":6,"182":6,"183":6,"185":6},"path":"/home/lukas/stokr/stokr-smart-contracts/contracts/token/ProfitSharing.sol","s":{"1":12,"2":3,"3":38,"4":3,"5":41,"6":39,"7":2,"8":39,"9":10,"10":9,"11":1,"12":9,"13":10,"14":10,"15":59,"16":3,"17":56,"18":56,"19":19,"20":15,"21":15,"22":15,"23":15,"24":3,"25":2,"26":2,"27":4,"28":9,"29":6,"30":6,"31":6},"b":{"1":[10,2],"2":[2,1],"3":[39,2],"4":[2,37],"5":[9,1],"6":[1,8],"7":[3,56],"8":[15,4]},"f":{"1":12,"2":3,"3":38,"4":3,"5":41,"6":10,"7":10,"8":59,"9":19,"10":3,"11":2,"12":2,"13":9},"fnMap":{"1":{"name":"onlyProfitDepositor","line":78,"loc":{"start":{"line":78,"column":4},"end":{"line":78,"column":32}}},"2":{"name":"onlyProfitDistributor","line":84,"loc":{"start":{"line":84,"column":4},"end":{"line":84,"column":34}}},"3":{"name":null,"line":91,"loc":{"start":{"line":91,"column":4},"end":{"line":91,"column":46}}},"4":{"name":null,"line":96,"loc":{"start":{"line":96,"column":4},"end":{"line":96,"column":28}}},"5":{"name":"setProfitDepositor","line":102,"loc":{"start":{"line":102,"column":4},"end":{"line":102,"column":75}}},"6":{"name":"setProfitDistributor","line":114,"loc":{"start":{"line":114,"column":4},"end":{"line":114,"column":79}}},"7":{"name":"depositProfit","line":125,"loc":{"start":{"line":125,"column":4},"end":{"line":125,"column":61}}},"8":{"name":"profitShareOwing","line":134,"loc":{"start":{"line":134,"column":4},"end":{"line":134,"column":73}}},"9":{"name":"updateProfitShare","line":149,"loc":{"start":{"line":149,"column":4},"end":{"line":149,"column":54}}},"10":{"name":"withdrawProfitShare","line":161,"loc":{"start":{"line":161,"column":4},"end":{"line":161,"column":39}}},"11":{"name":"withdrawProfitShareTo","line":165,"loc":{"start":{"line":165,"column":4},"end":{"line":165,"column":61}}},"12":{"name":"withdrawProfitShares","line":170,"loc":{"start":{"line":170,"column":4},"end":{"line":170,"column":82}}},"13":{"name":"_withdrawProfitShare","line":177,"loc":{"start":{"line":177,"column":4},"end":{"line":177,"column":81}}}},"statementMap":{"1":{"start":{"line":79,"column":8},"end":{"line":79,"column":79}},"2":{"start":{"line":85,"column":8},"end":{"line":85,"column":83}},"3":{"start":{"line":92,"column":8},"end":{"line":92,"column":43}},"4":{"start":{"line":97,"column":8},"end":{"line":97,"column":22}},"5":{"start":{"line":103,"column":8},"end":{"line":103,"column":83}},"6":{"start":{"line":106,"column":8},"end":{"line":106,"column":4024}},"7":{"start":{"line":107,"column":12},"end":{"line":107,"column":59}},"8":{"start":{"line":109,"column":8},"end":{"line":109,"column":44}},"9":{"start":{"line":115,"column":8},"end":{"line":115,"column":87}},"10":{"start":{"line":118,"column":8},"end":{"line":118,"column":4586}},"11":{"start":{"line":119,"column":12},"end":{"line":119,"column":63}},"12":{"start":{"line":121,"column":8},"end":{"line":121,"column":48}},"13":{"start":{"line":126,"column":8},"end":{"line":126,"column":49}},"14":{"start":{"line":128,"column":8},"end":{"line":128,"column":49}},"15":{"start":{"line":135,"column":8},"end":{"line":135,"column":5208}},"16":{"start":{"line":136,"column":12},"end":{"line":136,"column":20}},"17":{"start":{"line":139,"column":8},"end":{"line":139,"column":59}},"18":{"start":{"line":141,"column":8},"end":{"line":141,"column":5404}},"19":{"start":{"line":150,"column":8},"end":{"line":150,"column":61}},"20":{"start":{"line":152,"column":8},"end":{"line":152,"column":56}},"21":{"start":{"line":154,"column":8},"end":{"line":154,"column":58}},"22":{"start":{"line":155,"column":8},"end":{"line":155,"column":55}},"23":{"start":{"line":157,"column":8},"end":{"line":157,"column":57}},"24":{"start":{"line":162,"column":8},"end":{"line":162,"column":51}},"25":{"start":{"line":166,"column":8},"end":{"line":166,"column":53}},"26":{"start":{"line":171,"column":8},"end":{"line":171,"column":6413}},"27":{"start":{"line":172,"column":12},"end":{"line":172,"column":61}},"28":{"start":{"line":178,"column":8},"end":{"line":178,"column":35}},"29":{"start":{"line":180,"column":8},"end":{"line":180,"column":66}},"30":{"start":{"line":182,"column":8},"end":{"line":182,"column":42}},"31":{"start":{"line":185,"column":8},"end":{"line":185,"column":81}}},"branchMap":{"1":{"line":79,"type":"if","locations":[{"start":{"line":79,"column":8},"end":{"line":79,"column":8}},{"start":{"line":79,"column":8},"end":{"line":79,"column":8}}]},"2":{"line":85,"type":"if","locations":[{"start":{"line":85,"column":8},"end":{"line":85,"column":8}},{"start":{"line":85,"column":8},"end":{"line":85,"column":8}}]},"3":{"line":103,"type":"if","locations":[{"start":{"line":103,"column":8},"end":{"line":103,"column":8}},{"start":{"line":103,"column":8},"end":{"line":103,"column":8}}]},"4":{"line":106,"type":"if","locations":[{"start":{"line":106,"column":8},"end":{"line":106,"column":8}},{"start":{"line":106,"column":8},"end":{"line":106,"column":8}}]},"5":{"line":115,"type":"if","locations":[{"start":{"line":115,"column":8},"end":{"line":115,"column":8}},{"start":{"line":115,"column":8},"end":{"line":115,"column":8}}]},"6":{"line":118,"type":"if","locations":[{"start":{"line":118,"column":8},"end":{"line":118,"column":8}},{"start":{"line":118,"column":8},"end":{"line":118,"column":8}}]},"7":{"line":135,"type":"if","locations":[{"start":{"line":135,"column":8},"end":{"line":135,"column":8}},{"start":{"line":135,"column":8},"end":{"line":135,"column":8}}]},"8":{"line":150,"type":"if","locations":[{"start":{"line":150,"column":8},"end":{"line":150,"column":8}},{"start":{"line":150,"column":8},"end":{"line":150,"column":8}}]}}},"contracts/token/StokrToken.sol":{"l":{"33":35,"34":35,"40":3,"54":3,"57":2,"59":2,"60":2,"62":2,"63":2,"69":33,"76":93,"84":1,"97":2,"99":2,"101":2,"109":10,"118":2,"120":2,"122":2,"137":1,"138":1,"140":1,"141":1,"143":1,"144":1,"146":1,"148":1},"path":"/home/lukas/stokr/stokr-smart-contracts/contracts/token/StokrToken.sol","s":{"1":35,"2":35,"3":3,"4":3,"5":2,"6":2,"7":2,"8":2,"9":33,"10":93,"11":1,"12":2,"13":2,"14":2,"15":10,"16":2,"17":2,"18":2,"19":1,"20":1,"21":1,"22":1,"23":1,"24":1,"25":1,"26":1},"b":{"1":[2,1],"2":[2,0],"3":[1,0],"4":[1,0]},"f":{"1":35,"2":3,"3":3,"4":33,"5":93,"6":1,"7":2,"8":10,"9":2,"10":1},"fnMap":{"1":{"name":null,"line":21,"loc":{"start":{"line":21,"column":4},"end":{"line":32,"column":5}}},"2":{"name":"destruct","line":39,"loc":{"start":{"line":39,"column":4},"end":{"line":39,"column":39}}},"3":{"name":"recoverKey","line":46,"loc":{"start":{"line":46,"column":4},"end":{"line":50,"column":5}}},"4":{"name":"totalSupply","line":68,"loc":{"start":{"line":68,"column":4},"end":{"line":68,"column":51}}},"5":{"name":"balanceOf","line":75,"loc":{"start":{"line":75,"column":4},"end":{"line":75,"column":66}}},"6":{"name":"allowance","line":83,"loc":{"start":{"line":83,"column":4},"end":{"line":83,"column":84}}},"7":{"name":"approve","line":91,"loc":{"start":{"line":91,"column":4},"end":{"line":96,"column":5}}},"8":{"name":"transfer","line":108,"loc":{"start":{"line":108,"column":4},"end":{"line":108,"column":67}}},"9":{"name":"transferFrom","line":117,"loc":{"start":{"line":117,"column":4},"end":{"line":117,"column":86}}},"10":{"name":"_transfer","line":130,"loc":{"start":{"line":130,"column":4},"end":{"line":136,"column":5}}}},"statementMap":{"1":{"start":{"line":33,"column":8},"end":{"line":33,"column":19}},"2":{"start":{"line":34,"column":8},"end":{"line":34,"column":23}},"3":{"start":{"line":40,"column":8},"end":{"line":40,"column":26}},"4":{"start":{"line":54,"column":8},"end":{"line":54,"column":1591}},"5":{"start":{"line":57,"column":8},"end":{"line":57,"column":37}},"6":{"start":{"line":59,"column":8},"end":{"line":59,"column":52}},"7":{"start":{"line":62,"column":8},"end":{"line":62,"column":50}},"8":{"start":{"line":63,"column":8},"end":{"line":63,"column":78}},"9":{"start":{"line":69,"column":8},"end":{"line":69,"column":27}},"10":{"start":{"line":76,"column":8},"end":{"line":76,"column":42}},"11":{"start":{"line":84,"column":8},"end":{"line":84,"column":46}},"12":{"start":{"line":97,"column":8},"end":{"line":97,"column":48}},"13":{"start":{"line":99,"column":8},"end":{"line":99,"column":51}},"14":{"start":{"line":101,"column":8},"end":{"line":101,"column":19}},"15":{"start":{"line":109,"column":8},"end":{"line":109,"column":49}},"16":{"start":{"line":118,"column":8},"end":{"line":118,"column":83}},"17":{"start":{"line":120,"column":8},"end":{"line":120,"column":80}},"18":{"start":{"line":122,"column":8},"end":{"line":122,"column":44}},"19":{"start":{"line":137,"column":8},"end":{"line":137,"column":56}},"20":{"start":{"line":138,"column":8},"end":{"line":138,"column":75}},"21":{"start":{"line":140,"column":8},"end":{"line":140,"column":31}},"22":{"start":{"line":141,"column":8},"end":{"line":141,"column":29}},"23":{"start":{"line":143,"column":8},"end":{"line":143,"column":68}},"24":{"start":{"line":144,"column":8},"end":{"line":144,"column":64}},"25":{"start":{"line":146,"column":8},"end":{"line":146,"column":41}},"26":{"start":{"line":148,"column":8},"end":{"line":148,"column":19}}},"branchMap":{"1":{"line":54,"type":"if","locations":[{"start":{"line":54,"column":8},"end":{"line":54,"column":8}},{"start":{"line":54,"column":8},"end":{"line":54,"column":8}}]},"2":{"line":118,"type":"if","locations":[{"start":{"line":118,"column":8},"end":{"line":118,"column":8}},{"start":{"line":118,"column":8},"end":{"line":118,"column":8}}]},"3":{"line":137,"type":"if","locations":[{"start":{"line":137,"column":8},"end":{"line":137,"column":8}},{"start":{"line":137,"column":8},"end":{"line":137,"column":8}}]},"4":{"line":138,"type":"if","locations":[{"start":{"line":138,"column":8},"end":{"line":138,"column":8}},{"start":{"line":138,"column":8},"end":{"line":138,"column":8}}]}}},"contracts/token/StokrTokenFactory.sol":{"l":{"20":6,"27":6,"29":6},"path":"/home/lukas/stokr/stokr-smart-contracts/contracts/token/StokrTokenFactory.sol","s":{"1":6,"2":6},"b":{},"f":{"1":6},"fnMap":{"1":{"name":"createNewToken","line":10,"loc":{"start":{"line":10,"column":4},"end":{"line":19,"column":5}}}},"statementMap":{"1":{"start":{"line":20,"column":8},"end":{"line":20,"column":429}},"2":{"start":{"line":29,"column":8},"end":{"line":29,"column":20}}},"branchMap":{}},"contracts/whitelist/Whitelist.sol":{"l":{"36":41,"37":37,"43":33,"45":32,"46":29,"48":29,"55":3,"57":2,"58":1,"60":1,"67":30,"68":115,"69":108,"71":108,"79":7,"80":21,"81":14,"83":14},"path":"/home/lukas/stokr/stokr-smart-contracts/contracts/whitelist/Whitelist.sol","s":{"1":41,"2":33,"3":32,"4":29,"5":29,"6":3,"7":2,"8":1,"9":1,"10":30,"11":115,"12":108,"13":108,"14":7,"15":21,"16":14,"17":14},"b":{"1":[37,4],"2":[32,1],"3":[29,3],"4":[2,1],"5":[1,1],"6":[108,7],"7":[14,7]},"f":{"1":41,"2":33,"3":3,"4":30,"5":7},"fnMap":{"1":{"name":"onlyAdmin","line":35,"loc":{"start":{"line":35,"column":4},"end":{"line":35,"column":22}}},"2":{"name":"addAdmin","line":42,"loc":{"start":{"line":42,"column":4},"end":{"line":42,"column":52}}},"3":{"name":"removeAdmin","line":54,"loc":{"start":{"line":54,"column":4},"end":{"line":54,"column":55}}},"4":{"name":"addToWhitelist","line":66,"loc":{"start":{"line":66,"column":4},"end":{"line":66,"column":71}}},"5":{"name":"removeFromWhitelist","line":78,"loc":{"start":{"line":78,"column":4},"end":{"line":78,"column":76}}}},"statementMap":{"1":{"start":{"line":36,"column":8},"end":{"line":36,"column":67}},"2":{"start":{"line":43,"column":8},"end":{"line":43,"column":65}},"3":{"start":{"line":45,"column":8},"end":{"line":45,"column":1331}},"4":{"start":{"line":46,"column":12},"end":{"line":46,"column":32}},"5":{"start":{"line":48,"column":12},"end":{"line":48,"column":35}},"6":{"start":{"line":55,"column":8},"end":{"line":55,"column":65}},"7":{"start":{"line":57,"column":8},"end":{"line":57,"column":1673}},"8":{"start":{"line":58,"column":12},"end":{"line":58,"column":33}},"9":{"start":{"line":60,"column":12},"end":{"line":60,"column":37}},"10":{"start":{"line":67,"column":8},"end":{"line":67,"column":2003}},"11":{"start":{"line":68,"column":12},"end":{"line":68,"column":2069}},"12":{"start":{"line":69,"column":16},"end":{"line":69,"column":50}},"13":{"start":{"line":71,"column":16},"end":{"line":71,"column":61}},"14":{"start":{"line":79,"column":8},"end":{"line":79,"column":2475}},"15":{"start":{"line":80,"column":12},"end":{"line":80,"column":2541}},"16":{"start":{"line":81,"column":16},"end":{"line":81,"column":51}},"17":{"start":{"line":83,"column":16},"end":{"line":83,"column":63}}},"branchMap":{"1":{"line":36,"type":"if","locations":[{"start":{"line":36,"column":8},"end":{"line":36,"column":8}},{"start":{"line":36,"column":8},"end":{"line":36,"column":8}}]},"2":{"line":43,"type":"if","locations":[{"start":{"line":43,"column":8},"end":{"line":43,"column":8}},{"start":{"line":43,"column":8},"end":{"line":43,"column":8}}]},"3":{"line":45,"type":"if","locations":[{"start":{"line":45,"column":8},"end":{"line":45,"column":8}},{"start":{"line":45,"column":8},"end":{"line":45,"column":8}}]},"4":{"line":55,"type":"if","locations":[{"start":{"line":55,"column":8},"end":{"line":55,"column":8}},{"start":{"line":55,"column":8},"end":{"line":55,"column":8}}]},"5":{"line":57,"type":"if","locations":[{"start":{"line":57,"column":8},"end":{"line":57,"column":8}},{"start":{"line":57,"column":8},"end":{"line":57,"column":8}}]},"6":{"line":68,"type":"if","locations":[{"start":{"line":68,"column":12},"end":{"line":68,"column":12}},{"start":{"line":68,"column":12},"end":{"line":68,"column":12}}]},"7":{"line":80,"type":"if","locations":[{"start":{"line":80,"column":12},"end":{"line":80,"column":12}},{"start":{"line":80,"column":12},"end":{"line":80,"column":12}}]}}},"contracts/whitelist/Whitelisted.sol":{"l":{"19":106,"20":85,"26":37,"32":40,"34":38,"35":2,"37":38},"path":"/home/lukas/stokr/stokr-smart-contracts/contracts/whitelist/Whitelisted.sol","s":{"1":106,"2":37,"3":40,"4":38,"5":2,"6":38},"b":{"1":[85,21],"2":[38,2],"3":[2,36]},"f":{"1":106,"2":37,"3":40},"fnMap":{"1":{"name":"onlyWhitelisted","line":18,"loc":{"start":{"line":18,"column":4},"end":{"line":18,"column":44}}},"2":{"name":null,"line":25,"loc":{"start":{"line":25,"column":4},"end":{"line":25,"column":42}}},"3":{"name":"setWhitelist","line":31,"loc":{"start":{"line":31,"column":4},"end":{"line":31,"column":65}}}},"statementMap":{"1":{"start":{"line":19,"column":8},"end":{"line":19,"column":79}},"2":{"start":{"line":26,"column":8},"end":{"line":26,"column":31}},"3":{"start":{"line":32,"column":8},"end":{"line":32,"column":83}},"4":{"start":{"line":34,"column":8},"end":{"line":34,"column":988}},"5":{"start":{"line":35,"column":12},"end":{"line":35,"column":57}},"6":{"start":{"line":37,"column":8},"end":{"line":37,"column":43}}},"branchMap":{"1":{"line":19,"type":"if","locations":[{"start":{"line":19,"column":8},"end":{"line":19,"column":8}},{"start":{"line":19,"column":8},"end":{"line":19,"column":8}}]},"2":{"line":32,"type":"if","locations":[{"start":{"line":32,"column":8},"end":{"line":32,"column":8}},{"start":{"line":32,"column":8},"end":{"line":32,"column":8}}]},"3":{"line":34,"type":"if","locations":[{"start":{"line":34,"column":8},"end":{"line":34,"column":8}},{"start":{"line":34,"column":8},"end":{"line":34,"column":8}}]}}}}