{"contracts/crowdsale/MintingCrowdsale.sol":{"l":{"105":21,"106":20,"107":19,"108":18,"109":17,"110":16,"111":15,"112":14,"113":13,"114":12,"115":11,"118":10,"120":9,"121":9,"122":9,"123":9,"124":9,"125":9,"126":9,"127":9,"128":9,"129":9,"130":9,"132":9,"133":9,"138":10,"139":8,"144":2,"151":16,"159":16,"166":6,"168":5,"169":4,"171":4,"179":8,"181":5,"182":4,"184":4,"191":57,"197":38,"203":7,"204":4,"207":3,"213":71,"219":32,"222":27,"224":27,"226":26,"227":26,"228":25,"230":25,"235":10,"236":8,"238":6,"239":6,"240":6,"242":6,"255":30,"256":26,"258":22,"259":34,"260":34,"262":34,"264":32,"265":32,"267":32,"270":20,"275":5},"path":"/usr/home/gerard/Projekte/Solidity/SICOS/Smart Contracts/repository/contracts/crowdsale/MintingCrowdsale.sol","s":{"1":21,"2":20,"3":19,"4":18,"5":17,"6":16,"7":15,"8":14,"9":13,"10":12,"11":11,"12":9,"13":9,"14":9,"15":9,"16":9,"17":9,"18":9,"19":9,"20":9,"21":9,"22":9,"23":9,"24":9,"25":10,"26":2,"27":16,"28":16,"29":6,"30":5,"31":4,"32":4,"33":8,"34":5,"35":4,"36":4,"37":57,"38":38,"39":7,"40":4,"41":3,"42":71,"43":32,"44":27,"45":27,"46":26,"47":25,"48":25,"49":10,"50":8,"51":6,"52":6,"53":30,"54":26,"55":22,"56":34,"57":34,"58":34,"59":32,"60":32,"61":20},"b":{"1":[20,1],"2":[19,1],"3":[18,1],"4":[17,1],"5":[16,1],"6":[15,1],"7":[14,1],"8":[13,1],"9":[12,1],"10":[11,1],"11":[10,1],"12":[8,2],"13":[5,1],"14":[4,1],"15":[5,3],"16":[4,1],"17":[4,3],"18":[27,5],"19":[26,1],"20":[8,2],"21":[6,2],"22":[26,4],"23":[22,4],"24":[32,2]},"f":{"1":21,"2":10,"3":2,"4":16,"5":16,"6":6,"7":8,"8":57,"9":38,"10":7,"11":71,"12":32,"13":10,"14":30,"15":5},"fnMap":{"1":{"name":null,"line":90,"loc":{"start":{"line":90,"column":4},"end":{"line":104,"column":5}}},"2":{"name":"onlyRateAdmin","line":137,"loc":{"start":{"line":137,"column":4},"end":{"line":137,"column":26}}},"3":{"name":null,"line":143,"loc":{"start":{"line":143,"column":4},"end":{"line":143,"column":28}}},"4":{"name":"distributeTokensViaPublicSale","line":150,"loc":{"start":{"line":150,"column":4},"end":{"line":150,"column":88}}},"5":{"name":"distributeTokensViaPrivateSale","line":158,"loc":{"start":{"line":158,"column":4},"end":{"line":158,"column":89}}},"6":{"name":"setRateAdmin","line":165,"loc":{"start":{"line":165,"column":4},"end":{"line":165,"column":60}}},"7":{"name":"setRate","line":177,"loc":{"start":{"line":177,"column":4},"end":{"line":177,"column":53}}},"8":{"name":"hasClosed","line":190,"loc":{"start":{"line":190,"column":4},"end":{"line":190,"column":49}}},"9":{"name":"isOpen","line":196,"loc":{"start":{"line":196,"column":4},"end":{"line":196,"column":46}}},"10":{"name":"timeRemaining","line":202,"loc":{"start":{"line":202,"column":4},"end":{"line":202,"column":53}}},"11":{"name":"tokenSold","line":212,"loc":{"start":{"line":212,"column":4},"end":{"line":212,"column":49}}},"12":{"name":"buyTokens","line":218,"loc":{"start":{"line":218,"column":4},"end":{"line":218,"column":37}}},"13":{"name":"finalize","line":234,"loc":{"start":{"line":234,"column":4},"end":{"line":234,"column":38}}},"14":{"name":"distributeTokens","line":250,"loc":{"start":{"line":250,"column":4},"end":{"line":254,"column":5}}},"15":{"name":"forwardFunds","line":274,"loc":{"start":{"line":274,"column":4},"end":{"line":274,"column":34}}}},"statementMap":{"1":{"start":{"line":105,"column":8},"end":{"line":105,"column":72}},"2":{"start":{"line":106,"column":8},"end":{"line":106,"column":75}},"3":{"start":{"line":107,"column":8},"end":{"line":107,"column":71}},"4":{"start":{"line":108,"column":8},"end":{"line":108,"column":73}},"5":{"start":{"line":109,"column":8},"end":{"line":109,"column":54}},"6":{"start":{"line":110,"column":8},"end":{"line":110,"column":53}},"7":{"start":{"line":111,"column":8},"end":{"line":111,"column":64}},"8":{"start":{"line":112,"column":8},"end":{"line":112,"column":63}},"9":{"start":{"line":113,"column":8},"end":{"line":113,"column":75}},"10":{"start":{"line":114,"column":8},"end":{"line":114,"column":72}},"11":{"start":{"line":115,"column":8},"end":{"line":115,"column":74}},"12":{"start":{"line":120,"column":8},"end":{"line":120,"column":21}},"13":{"start":{"line":121,"column":8},"end":{"line":121,"column":51}},"14":{"start":{"line":122,"column":8},"end":{"line":122,"column":53}},"15":{"start":{"line":123,"column":8},"end":{"line":123,"column":31}},"16":{"start":{"line":124,"column":8},"end":{"line":124,"column":29}},"17":{"start":{"line":125,"column":8},"end":{"line":125,"column":29}},"18":{"start":{"line":126,"column":8},"end":{"line":126,"column":33}},"19":{"start":{"line":127,"column":8},"end":{"line":127,"column":33}},"20":{"start":{"line":128,"column":8},"end":{"line":128,"column":37}},"21":{"start":{"line":129,"column":8},"end":{"line":129,"column":35}},"22":{"start":{"line":130,"column":8},"end":{"line":130,"column":39}},"23":{"start":{"line":132,"column":8},"end":{"line":132,"column":58}},"24":{"start":{"line":133,"column":8},"end":{"line":133,"column":60}},"25":{"start":{"line":138,"column":8},"end":{"line":138,"column":67}},"26":{"start":{"line":144,"column":8},"end":{"line":144,"column":18}},"27":{"start":{"line":151,"column":8},"end":{"line":151,"column":6183}},"28":{"start":{"line":159,"column":8},"end":{"line":159,"column":6613}},"29":{"start":{"line":166,"column":8},"end":{"line":166,"column":68}},"30":{"start":{"line":168,"column":8},"end":{"line":168,"column":6935}},"31":{"start":{"line":169,"column":12},"end":{"line":169,"column":55}},"32":{"start":{"line":171,"column":12},"end":{"line":171,"column":33}},"33":{"start":{"line":179,"column":8},"end":{"line":179,"column":91}},"34":{"start":{"line":181,"column":8},"end":{"line":181,"column":7437}},"35":{"start":{"line":182,"column":12},"end":{"line":182,"column":47}},"36":{"start":{"line":184,"column":12},"end":{"line":184,"column":30}},"37":{"start":{"line":191,"column":8},"end":{"line":191,"column":33}},"38":{"start":{"line":197,"column":8},"end":{"line":197,"column":49}},"39":{"start":{"line":203,"column":8},"end":{"line":203,"column":8196}},"40":{"start":{"line":204,"column":12},"end":{"line":204,"column":20}},"41":{"start":{"line":207,"column":8},"end":{"line":207,"column":32}},"42":{"start":{"line":213,"column":8},"end":{"line":213,"column":8521}},"43":{"start":{"line":219,"column":8},"end":{"line":219,"column":44}},"44":{"start":{"line":222,"column":8},"end":{"line":222,"column":61}},"45":{"start":{"line":224,"column":8},"end":{"line":224,"column":84}},"46":{"start":{"line":226,"column":8},"end":{"line":226,"column":44}},"47":{"start":{"line":228,"column":8},"end":{"line":228,"column":21}},"48":{"start":{"line":230,"column":8},"end":{"line":230,"column":57}},"49":{"start":{"line":235,"column":8},"end":{"line":235,"column":63}},"50":{"start":{"line":236,"column":8},"end":{"line":236,"column":50}},"51":{"start":{"line":240,"column":8},"end":{"line":240,"column":25}},"52":{"start":{"line":242,"column":8},"end":{"line":242,"column":27}},"53":{"start":{"line":255,"column":8},"end":{"line":255,"column":55}},"54":{"start":{"line":256,"column":8},"end":{"line":256,"column":79}},"55":{"start":{"line":258,"column":8},"end":{"line":258,"column":10152}},"56":{"start":{"line":259,"column":12},"end":{"line":259,"column":49}},"57":{"start":{"line":260,"column":12},"end":{"line":260,"column":35}},"58":{"start":{"line":262,"column":12},"end":{"line":262,"column":75}},"59":{"start":{"line":264,"column":12},"end":{"line":264,"column":35}},"60":{"start":{"line":267,"column":12},"end":{"line":267,"column":55}},"61":{"start":{"line":270,"column":8},"end":{"line":270,"column":29}}},"branchMap":{"1":{"line":105,"type":"if","locations":[{"start":{"line":105,"column":8},"end":{"line":105,"column":8}},{"start":{"line":105,"column":8},"end":{"line":105,"column":8}}]},"2":{"line":106,"type":"if","locations":[{"start":{"line":106,"column":8},"end":{"line":106,"column":8}},{"start":{"line":106,"column":8},"end":{"line":106,"column":8}}]},"3":{"line":107,"type":"if","locations":[{"start":{"line":107,"column":8},"end":{"line":107,"column":8}},{"start":{"line":107,"column":8},"end":{"line":107,"column":8}}]},"4":{"line":108,"type":"if","locations":[{"start":{"line":108,"column":8},"end":{"line":108,"column":8}},{"start":{"line":108,"column":8},"end":{"line":108,"column":8}}]},"5":{"line":109,"type":"if","locations":[{"start":{"line":109,"column":8},"end":{"line":109,"column":8}},{"start":{"line":109,"column":8},"end":{"line":109,"column":8}}]},"6":{"line":110,"type":"if","locations":[{"start":{"line":110,"column":8},"end":{"line":110,"column":8}},{"start":{"line":110,"column":8},"end":{"line":110,"column":8}}]},"7":{"line":111,"type":"if","locations":[{"start":{"line":111,"column":8},"end":{"line":111,"column":8}},{"start":{"line":111,"column":8},"end":{"line":111,"column":8}}]},"8":{"line":112,"type":"if","locations":[{"start":{"line":112,"column":8},"end":{"line":112,"column":8}},{"start":{"line":112,"column":8},"end":{"line":112,"column":8}}]},"9":{"line":113,"type":"if","locations":[{"start":{"line":113,"column":8},"end":{"line":113,"column":8}},{"start":{"line":113,"column":8},"end":{"line":113,"column":8}}]},"10":{"line":114,"type":"if","locations":[{"start":{"line":114,"column":8},"end":{"line":114,"column":8}},{"start":{"line":114,"column":8},"end":{"line":114,"column":8}}]},"11":{"line":115,"type":"if","locations":[{"start":{"line":115,"column":8},"end":{"line":115,"column":8}},{"start":{"line":115,"column":8},"end":{"line":115,"column":8}}]},"12":{"line":138,"type":"if","locations":[{"start":{"line":138,"column":8},"end":{"line":138,"column":8}},{"start":{"line":138,"column":8},"end":{"line":138,"column":8}}]},"13":{"line":166,"type":"if","locations":[{"start":{"line":166,"column":8},"end":{"line":166,"column":8}},{"start":{"line":166,"column":8},"end":{"line":166,"column":8}}]},"14":{"line":168,"type":"if","locations":[{"start":{"line":168,"column":8},"end":{"line":168,"column":8}},{"start":{"line":168,"column":8},"end":{"line":168,"column":8}}]},"15":{"line":179,"type":"if","locations":[{"start":{"line":179,"column":8},"end":{"line":179,"column":8}},{"start":{"line":179,"column":8},"end":{"line":179,"column":8}}]},"16":{"line":181,"type":"if","locations":[{"start":{"line":181,"column":8},"end":{"line":181,"column":8}},{"start":{"line":181,"column":8},"end":{"line":181,"column":8}}]},"17":{"line":203,"type":"if","locations":[{"start":{"line":203,"column":8},"end":{"line":203,"column":8}},{"start":{"line":203,"column":8},"end":{"line":203,"column":8}}]},"18":{"line":219,"type":"if","locations":[{"start":{"line":219,"column":8},"end":{"line":219,"column":8}},{"start":{"line":219,"column":8},"end":{"line":219,"column":8}}]},"19":{"line":224,"type":"if","locations":[{"start":{"line":224,"column":8},"end":{"line":224,"column":8}},{"start":{"line":224,"column":8},"end":{"line":224,"column":8}}]},"20":{"line":235,"type":"if","locations":[{"start":{"line":235,"column":8},"end":{"line":235,"column":8}},{"start":{"line":235,"column":8},"end":{"line":235,"column":8}}]},"21":{"line":236,"type":"if","locations":[{"start":{"line":236,"column":8},"end":{"line":236,"column":8}},{"start":{"line":236,"column":8},"end":{"line":236,"column":8}}]},"22":{"line":255,"type":"if","locations":[{"start":{"line":255,"column":8},"end":{"line":255,"column":8}},{"start":{"line":255,"column":8},"end":{"line":255,"column":8}}]},"23":{"line":256,"type":"if","locations":[{"start":{"line":256,"column":8},"end":{"line":256,"column":8}},{"start":{"line":256,"column":8},"end":{"line":256,"column":8}}]},"24":{"line":262,"type":"if","locations":[{"start":{"line":262,"column":12},"end":{"line":262,"column":12}},{"start":{"line":262,"column":12},"end":{"line":262,"column":12}}]}}},"contracts/crowdsale/StokrCrowdsale.sol":{"l":{"66":9,"68":8,"74":52,"79":9,"80":11,"86":11,"92":22,"93":14,"95":12,"97":12,"98":10,"99":10,"101":10,"107":10,"109":6,"110":3,"116":25,"117":5,"120":20},"path":"/usr/home/gerard/Projekte/Solidity/SICOS/Smart Contracts/repository/contracts/crowdsale/StokrCrowdsale.sol","s":{"1":9,"2":8,"3":52,"4":9,"5":11,"6":11,"7":22,"8":14,"9":12,"10":12,"11":10,"12":10,"13":6,"14":3,"15":25,"16":20},"b":{"1":[8,1],"2":[14,8],"3":[12,2],"4":[10,2],"5":[3,3],"6":[5,20]},"f":{"1":9,"2":52,"3":9,"4":11,"5":22,"6":10,"7":25},"fnMap":{"1":{"name":null,"line":37,"loc":{"start":{"line":37,"column":4},"end":{"line":65,"column":5}}},"2":{"name":"goalReached","line":73,"loc":{"start":{"line":73,"column":4},"end":{"line":73,"column":51}}},"3":{"name":"distributeRefunds","line":78,"loc":{"start":{"line":78,"column":4},"end":{"line":78,"column":67}}},"4":{"name":"claimRefund","line":85,"loc":{"start":{"line":85,"column":4},"end":{"line":85,"column":31}}},"5":{"name":"refundInvestor","line":91,"loc":{"start":{"line":91,"column":4},"end":{"line":91,"column":53}}},"6":{"name":"finalize","line":106,"loc":{"start":{"line":106,"column":4},"end":{"line":106,"column":38}}},"7":{"name":"forwardFunds","line":115,"loc":{"start":{"line":115,"column":4},"end":{"line":115,"column":34}}}},"statementMap":{"1":{"start":{"line":66,"column":8},"end":{"line":66,"column":102}},"2":{"start":{"line":68,"column":8},"end":{"line":68,"column":29}},"3":{"start":{"line":74,"column":8},"end":{"line":74,"column":39}},"4":{"start":{"line":79,"column":8},"end":{"line":79,"column":2675}},"5":{"start":{"line":80,"column":12},"end":{"line":80,"column":40}},"6":{"start":{"line":86,"column":8},"end":{"line":86,"column":33}},"7":{"start":{"line":92,"column":8},"end":{"line":92,"column":58}},"8":{"start":{"line":93,"column":8},"end":{"line":93,"column":50}},"9":{"start":{"line":95,"column":8},"end":{"line":95,"column":47}},"10":{"start":{"line":97,"column":8},"end":{"line":97,"column":3286}},"11":{"start":{"line":98,"column":12},"end":{"line":98,"column":37}},"12":{"start":{"line":101,"column":12},"end":{"line":101,"column":54}},"13":{"start":{"line":109,"column":8},"end":{"line":109,"column":3604}},"14":{"start":{"line":110,"column":12},"end":{"line":110,"column":28}},"15":{"start":{"line":116,"column":8},"end":{"line":116,"column":3801}},"16":{"start":{"line":120,"column":12},"end":{"line":120,"column":75}}},"branchMap":{"1":{"line":66,"type":"if","locations":[{"start":{"line":66,"column":8},"end":{"line":66,"column":8}},{"start":{"line":66,"column":8},"end":{"line":66,"column":8}}]},"2":{"line":92,"type":"if","locations":[{"start":{"line":92,"column":8},"end":{"line":92,"column":8}},{"start":{"line":92,"column":8},"end":{"line":92,"column":8}}]},"3":{"line":93,"type":"if","locations":[{"start":{"line":93,"column":8},"end":{"line":93,"column":8}},{"start":{"line":93,"column":8},"end":{"line":93,"column":8}}]},"4":{"line":97,"type":"if","locations":[{"start":{"line":97,"column":8},"end":{"line":97,"column":8}},{"start":{"line":97,"column":8},"end":{"line":97,"column":8}}]},"5":{"line":109,"type":"if","locations":[{"start":{"line":109,"column":8},"end":{"line":109,"column":8}},{"start":{"line":109,"column":8},"end":{"line":109,"column":8}}]},"6":{"line":116,"type":"if","locations":[{"start":{"line":116,"column":8},"end":{"line":116,"column":8}},{"start":{"line":116,"column":8},"end":{"line":116,"column":8}}]}}},"contracts/math/SafeMath.sol":{"l":{"10":257,"12":257,"14":256,"19":59,"21":59,"26":83,"27":12,"30":71,"32":71,"34":71,"39":83},"path":"/usr/home/gerard/Projekte/Solidity/SICOS/Smart Contracts/repository/contracts/math/SafeMath.sol","s":{"1":257,"2":257,"3":256,"4":59,"5":59,"6":83,"7":12,"8":71,"9":71,"10":71,"11":83},"b":{"1":[256,1],"2":[59,0],"3":[12,71],"4":[71,0]},"f":{"1":257,"2":59,"3":83,"4":83},"fnMap":{"1":{"name":"add","line":9,"loc":{"start":{"line":9,"column":4},"end":{"line":9,"column":59}}},"2":{"name":"sub","line":18,"loc":{"start":{"line":18,"column":4},"end":{"line":18,"column":59}}},"3":{"name":"mul","line":25,"loc":{"start":{"line":25,"column":4},"end":{"line":25,"column":59}}},"4":{"name":"div","line":38,"loc":{"start":{"line":38,"column":4},"end":{"line":38,"column":59}}}},"statementMap":{"1":{"start":{"line":10,"column":8},"end":{"line":10,"column":21}},"2":{"start":{"line":12,"column":8},"end":{"line":12,"column":21}},"3":{"start":{"line":14,"column":8},"end":{"line":14,"column":16}},"4":{"start":{"line":19,"column":8},"end":{"line":19,"column":21}},"5":{"start":{"line":21,"column":8},"end":{"line":21,"column":20}},"6":{"start":{"line":26,"column":8},"end":{"line":26,"column":569}},"7":{"start":{"line":27,"column":12},"end":{"line":27,"column":20}},"8":{"start":{"line":30,"column":8},"end":{"line":30,"column":21}},"9":{"start":{"line":32,"column":8},"end":{"line":32,"column":25}},"10":{"start":{"line":34,"column":8},"end":{"line":34,"column":16}},"11":{"start":{"line":39,"column":8},"end":{"line":39,"column":20}}},"branchMap":{"1":{"line":12,"type":"if","locations":[{"start":{"line":12,"column":8},"end":{"line":12,"column":8}},{"start":{"line":12,"column":8},"end":{"line":12,"column":8}}]},"2":{"line":19,"type":"if","locations":[{"start":{"line":19,"column":8},"end":{"line":19,"column":8}},{"start":{"line":19,"column":8},"end":{"line":19,"column":8}}]},"3":{"line":26,"type":"if","locations":[{"start":{"line":26,"column":8},"end":{"line":26,"column":8}},{"start":{"line":26,"column":8},"end":{"line":26,"column":8}}]},"4":{"line":32,"type":"if","locations":[{"start":{"line":32,"column":8},"end":{"line":32,"column":8}},{"start":{"line":32,"column":8},"end":{"line":32,"column":8}}]}}},"contracts/nameservice/EIP137ResolverInterface.sol":{"l":{},"path":"/usr/home/gerard/Projekte/Solidity/SICOS/Smart Contracts/repository/contracts/nameservice/EIP137ResolverInterface.sol","s":{},"b":{},"f":{},"fnMap":{},"statementMap":{},"branchMap":{}},"contracts/nameservice/ENSResolver.sol":{"l":{"11":0,"15":0},"path":"/usr/home/gerard/Projekte/Solidity/SICOS/Smart Contracts/repository/contracts/nameservice/ENSResolver.sol","s":{"1":0,"2":0},"b":{"1":[0,0]},"f":{"1":0,"2":0},"fnMap":{"1":{"name":"supportsInterface","line":10,"loc":{"start":{"line":10,"column":4},"end":{"line":10,"column":79}}},"2":{"name":"addr","line":14,"loc":{"start":{"line":14,"column":4},"end":{"line":14,"column":63}}}},"statementMap":{"1":{"start":{"line":11,"column":8},"end":{"line":11,"column":69}},"2":{"start":{"line":15,"column":8},"end":{"line":15,"column":28}}},"branchMap":{"1":{"line":15,"type":"if","locations":[{"start":{"line":15,"column":8},"end":{"line":15,"column":8}},{"start":{"line":15,"column":8},"end":{"line":15,"column":8}}]}}},"contracts/ownership/Ownable.sol":{"l":{"20":239,"21":226,"26":83,"32":0,"34":0,"36":0},"path":"/usr/home/gerard/Projekte/Solidity/SICOS/Smart Contracts/repository/contracts/ownership/Ownable.sol","s":{"1":239,"2":83,"3":0,"4":0,"5":0},"b":{"1":[226,13],"2":[0,0]},"f":{"1":239,"2":83,"3":0},"fnMap":{"1":{"name":"onlyOwner","line":19,"loc":{"start":{"line":19,"column":4},"end":{"line":19,"column":22}}},"2":{"name":null,"line":25,"loc":{"start":{"line":25,"column":4},"end":{"line":25,"column":22}}},"3":{"name":"transferOwnership","line":31,"loc":{"start":{"line":31,"column":4},"end":{"line":31,"column":64}}}},"statementMap":{"1":{"start":{"line":20,"column":8},"end":{"line":20,"column":58}},"2":{"start":{"line":26,"column":8},"end":{"line":26,"column":25}},"3":{"start":{"line":32,"column":8},"end":{"line":32,"column":62}},"4":{"start":{"line":34,"column":8},"end":{"line":34,"column":24}},"5":{"start":{"line":36,"column":8},"end":{"line":36,"column":51}}},"branchMap":{"1":{"line":20,"type":"if","locations":[{"start":{"line":20,"column":8},"end":{"line":20,"column":8}},{"start":{"line":20,"column":8},"end":{"line":20,"column":8}}]},"2":{"line":32,"type":"if","locations":[{"start":{"line":32,"column":8},"end":{"line":32,"column":8}},{"start":{"line":32,"column":8},"end":{"line":32,"column":8}}]}}},"contracts/recovery/KeyRecoverable.sol":{"l":{"23":6,"24":5,"30":29,"36":32,"38":30,"39":2,"41":30},"path":"/usr/home/gerard/Projekte/Solidity/SICOS/Smart Contracts/repository/contracts/recovery/KeyRecoverable.sol","s":{"1":6,"2":29,"3":32,"4":30,"5":2,"6":30},"b":{"1":[5,1],"2":[30,2],"3":[2,28]},"f":{"1":6,"2":29,"3":32},"fnMap":{"1":{"name":"onlyKeyRecoverer","line":22,"loc":{"start":{"line":22,"column":4},"end":{"line":22,"column":29}}},"2":{"name":null,"line":29,"loc":{"start":{"line":29,"column":4},"end":{"line":29,"column":43}}},"3":{"name":"setKeyRecoverer","line":35,"loc":{"start":{"line":35,"column":4},"end":{"line":35,"column":69}}}},"statementMap":{"1":{"start":{"line":23,"column":8},"end":{"line":23,"column":73}},"2":{"start":{"line":30,"column":8},"end":{"line":30,"column":37}},"3":{"start":{"line":36,"column":8},"end":{"line":36,"column":77}},"4":{"start":{"line":38,"column":8},"end":{"line":38,"column":1177}},"5":{"start":{"line":39,"column":12},"end":{"line":39,"column":53}},"6":{"start":{"line":41,"column":8},"end":{"line":41,"column":38}}},"branchMap":{"1":{"line":23,"type":"if","locations":[{"start":{"line":23,"column":8},"end":{"line":23,"column":8}},{"start":{"line":23,"column":8},"end":{"line":23,"column":8}}]},"2":{"line":36,"type":"if","locations":[{"start":{"line":36,"column":8},"end":{"line":36,"column":8}},{"start":{"line":36,"column":8},"end":{"line":36,"column":8}}]},"3":{"line":38,"type":"if","locations":[{"start":{"line":38,"column":8},"end":{"line":38,"column":8}},{"start":{"line":38,"column":8},"end":{"line":38,"column":8}}]}}},"contracts/recovery/KeyRecoverer.sol":{"l":{"18":1,"25":0,"31":0,"32":0,"34":0,"35":0,"41":0,"42":0,"45":0,"48":0,"49":0,"52":0,"53":0,"60":0,"61":0,"62":0,"70":0,"71":0,"72":0,"75":0},"path":"/usr/home/gerard/Projekte/Solidity/SICOS/Smart Contracts/repository/contracts/recovery/KeyRecoverer.sol","s":{"1":0,"2":0,"3":0,"4":0,"5":0,"6":0,"7":0,"8":0,"9":0,"10":0,"11":0,"12":0,"13":0,"14":0,"15":0,"16":0,"17":0},"b":{"1":[0,0],"2":[0,0],"3":[0,0],"4":[0,0],"5":[0,0],"6":[0,0]},"f":{"1":1,"2":0,"3":0,"4":0,"5":0,"6":0},"fnMap":{"1":{"name":null,"line":17,"loc":{"start":{"line":17,"column":4},"end":{"line":17,"column":22}}},"2":{"name":"containsToken","line":24,"loc":{"start":{"line":24,"column":4},"end":{"line":24,"column":67}}},"3":{"name":"addToken","line":30,"loc":{"start":{"line":30,"column":4},"end":{"line":30,"column":52}}},"4":{"name":"removeToken","line":40,"loc":{"start":{"line":40,"column":4},"end":{"line":40,"column":55}}},"5":{"name":"recoverKey","line":59,"loc":{"start":{"line":59,"column":4},"end":{"line":59,"column":80}}},"6":{"name":"checkTokens","line":69,"loc":{"start":{"line":69,"column":4},"end":{"line":69,"column":61}}}},"statementMap":{"1":{"start":{"line":25,"column":8},"end":{"line":25,"column":34}},"2":{"start":{"line":31,"column":8},"end":{"line":31,"column":63}},"3":{"start":{"line":32,"column":8},"end":{"line":32,"column":69}},"4":{"start":{"line":34,"column":8},"end":{"line":34,"column":38}},"5":{"start":{"line":41,"column":8},"end":{"line":41,"column":63}},"6":{"start":{"line":42,"column":8},"end":{"line":42,"column":64}},"7":{"start":{"line":45,"column":8},"end":{"line":45,"column":35}},"8":{"start":{"line":48,"column":8},"end":{"line":48,"column":48}},"9":{"start":{"line":49,"column":8},"end":{"line":49,"column":40}},"10":{"start":{"line":52,"column":8},"end":{"line":52,"column":37}},"11":{"start":{"line":60,"column":8},"end":{"line":60,"column":2124}},"12":{"start":{"line":61,"column":12},"end":{"line":61,"column":2183}},"13":{"start":{"line":62,"column":16},"end":{"line":62,"column":40}},"14":{"start":{"line":70,"column":8},"end":{"line":70,"column":2541}},"15":{"start":{"line":71,"column":12},"end":{"line":71,"column":2600}},"16":{"start":{"line":72,"column":16},"end":{"line":72,"column":28}},"17":{"start":{"line":75,"column":8},"end":{"line":75,"column":19}}},"branchMap":{"1":{"line":31,"type":"if","locations":[{"start":{"line":31,"column":8},"end":{"line":31,"column":8}},{"start":{"line":31,"column":8},"end":{"line":31,"column":8}}]},"2":{"line":32,"type":"if","locations":[{"start":{"line":32,"column":8},"end":{"line":32,"column":8}},{"start":{"line":32,"column":8},"end":{"line":32,"column":8}}]},"3":{"line":41,"type":"if","locations":[{"start":{"line":41,"column":8},"end":{"line":41,"column":8}},{"start":{"line":41,"column":8},"end":{"line":41,"column":8}}]},"4":{"line":42,"type":"if","locations":[{"start":{"line":42,"column":8},"end":{"line":42,"column":8}},{"start":{"line":42,"column":8},"end":{"line":42,"column":8}}]},"5":{"line":61,"type":"if","locations":[{"start":{"line":61,"column":12},"end":{"line":61,"column":12}},{"start":{"line":61,"column":12},"end":{"line":61,"column":12}}]},"6":{"line":71,"type":"if","locations":[{"start":{"line":71,"column":12},"end":{"line":71,"column":12}},{"start":{"line":71,"column":12},"end":{"line":71,"column":12}}]}}},"contracts/StokrProjectFactory.sol":{"l":{"25":1,"50":0,"54":0,"66":0,"67":0,"68":0,"69":0},"path":"/usr/home/gerard/Projekte/Solidity/SICOS/Smart Contracts/repository/contracts/StokrProjectFactory.sol","s":{"1":1,"2":0,"3":0},"b":{},"f":{"1":1,"2":0},"fnMap":{"1":{"name":null,"line":24,"loc":{"start":{"line":24,"column":0},"end":{"line":24,"column":40}}},"2":{"name":"createNewProject","line":28,"loc":{"start":{"line":28,"column":2},"end":{"line":48,"column":22}}}},"statementMap":{"1":{"start":{"line":25,"column":2},"end":{"line":25,"column":39}},"2":{"start":{"line":50,"column":2},"end":{"line":50,"column":1108}},"3":{"start":{"line":54,"column":2},"end":{"line":54,"column":1258}}},"branchMap":{}},"contracts/token/ERC20.sol":{"l":{},"path":"/usr/home/gerard/Projekte/Solidity/SICOS/Smart Contracts/repository/contracts/token/ERC20.sol","s":{},"b":{},"f":{},"fnMap":{},"statementMap":{},"branchMap":{}},"contracts/token/MintableToken.sol":{"l":{"26":97,"27":95,"32":92,"33":90,"38":6,"39":3,"45":17,"46":16,"48":15,"55":75,"56":66,"59":75,"60":75,"62":75,"63":75,"68":13,"70":13,"76":24},"path":"/usr/home/gerard/Projekte/Solidity/SICOS/Smart Contracts/repository/contracts/token/MintableToken.sol","s":{"1":97,"2":92,"3":6,"4":17,"5":16,"6":15,"7":75,"8":75,"9":75,"10":75,"11":75,"12":13,"13":13,"14":24},"b":{"1":[95,2],"2":[90,2],"3":[3,3],"4":[16,1],"5":[15,1],"6":[66,9]},"f":{"1":97,"2":92,"3":6,"4":17,"5":75,"6":13,"7":24},"fnMap":{"1":{"name":"onlyMinter","line":25,"loc":{"start":{"line":25,"column":4},"end":{"line":25,"column":23}}},"2":{"name":"canMint","line":31,"loc":{"start":{"line":31,"column":4},"end":{"line":31,"column":20}}},"3":{"name":"notMinting","line":37,"loc":{"start":{"line":37,"column":4},"end":{"line":37,"column":23}}},"4":{"name":"setMinter","line":44,"loc":{"start":{"line":44,"column":4},"end":{"line":44,"column":54}}},"5":{"name":"mint","line":54,"loc":{"start":{"line":54,"column":4},"end":{"line":54,"column":89}}},"6":{"name":"finishMinting","line":67,"loc":{"start":{"line":67,"column":4},"end":{"line":67,"column":52}}},"7":{"name":"mintingFinished","line":75,"loc":{"start":{"line":75,"column":4},"end":{"line":75,"column":55}}}},"statementMap":{"1":{"start":{"line":26,"column":8},"end":{"line":26,"column":60}},"2":{"start":{"line":32,"column":8},"end":{"line":32,"column":66}},"3":{"start":{"line":38,"column":8},"end":{"line":38,"column":61}},"4":{"start":{"line":45,"column":8},"end":{"line":45,"column":69}},"5":{"start":{"line":46,"column":8},"end":{"line":46,"column":57}},"6":{"start":{"line":48,"column":8},"end":{"line":48,"column":23}},"7":{"start":{"line":55,"column":8},"end":{"line":55,"column":1531}},"8":{"start":{"line":59,"column":8},"end":{"line":59,"column":47}},"9":{"start":{"line":60,"column":8},"end":{"line":60,"column":65}},"10":{"start":{"line":62,"column":8},"end":{"line":62,"column":33}},"11":{"start":{"line":63,"column":8},"end":{"line":63,"column":49}},"12":{"start":{"line":68,"column":8},"end":{"line":68,"column":32}},"13":{"start":{"line":70,"column":8},"end":{"line":70,"column":27}},"14":{"start":{"line":76,"column":8},"end":{"line":76,"column":33}}},"branchMap":{"1":{"line":26,"type":"if","locations":[{"start":{"line":26,"column":8},"end":{"line":26,"column":8}},{"start":{"line":26,"column":8},"end":{"line":26,"column":8}}]},"2":{"line":32,"type":"if","locations":[{"start":{"line":32,"column":8},"end":{"line":32,"column":8}},{"start":{"line":32,"column":8},"end":{"line":32,"column":8}}]},"3":{"line":38,"type":"if","locations":[{"start":{"line":38,"column":8},"end":{"line":38,"column":8}},{"start":{"line":38,"column":8},"end":{"line":38,"column":8}}]},"4":{"line":45,"type":"if","locations":[{"start":{"line":45,"column":8},"end":{"line":45,"column":8}},{"start":{"line":45,"column":8},"end":{"line":45,"column":8}}]},"5":{"line":46,"type":"if","locations":[{"start":{"line":46,"column":8},"end":{"line":46,"column":8}},{"start":{"line":46,"column":8},"end":{"line":46,"column":8}}]},"6":{"line":55,"type":"if","locations":[{"start":{"line":55,"column":8},"end":{"line":55,"column":8}},{"start":{"line":55,"column":8},"end":{"line":55,"column":8}}]}}},"contracts/token/ProfitSharing.sol":{"l":{"79":12,"80":10,"85":3,"86":2,"92":31,"97":3,"103":34,"106":32,"107":2,"109":32,"115":10,"118":9,"119":1,"121":9,"126":10,"128":10,"135":59,"136":3,"139":56,"141":56,"150":19,"152":15,"154":15,"155":15,"157":15,"162":3,"166":2,"171":2,"172":4,"178":9,"180":6,"182":6,"183":6,"185":6},"path":"/usr/home/gerard/Projekte/Solidity/SICOS/Smart Contracts/repository/contracts/token/ProfitSharing.sol","s":{"1":12,"2":3,"3":31,"4":3,"5":34,"6":32,"7":2,"8":32,"9":10,"10":9,"11":1,"12":9,"13":10,"14":10,"15":59,"16":3,"17":56,"18":56,"19":19,"20":15,"21":15,"22":15,"23":15,"24":3,"25":2,"26":2,"27":4,"28":9,"29":6,"30":6,"31":6},"b":{"1":[10,2],"2":[2,1],"3":[32,2],"4":[2,30],"5":[9,1],"6":[1,8],"7":[3,56],"8":[15,4]},"f":{"1":12,"2":3,"3":31,"4":3,"5":34,"6":10,"7":10,"8":59,"9":19,"10":3,"11":2,"12":2,"13":9},"fnMap":{"1":{"name":"onlyProfitDepositor","line":78,"loc":{"start":{"line":78,"column":4},"end":{"line":78,"column":32}}},"2":{"name":"onlyProfitDistributor","line":84,"loc":{"start":{"line":84,"column":4},"end":{"line":84,"column":34}}},"3":{"name":null,"line":91,"loc":{"start":{"line":91,"column":4},"end":{"line":91,"column":46}}},"4":{"name":null,"line":96,"loc":{"start":{"line":96,"column":4},"end":{"line":96,"column":28}}},"5":{"name":"setProfitDepositor","line":102,"loc":{"start":{"line":102,"column":4},"end":{"line":102,"column":75}}},"6":{"name":"setProfitDistributor","line":114,"loc":{"start":{"line":114,"column":4},"end":{"line":114,"column":79}}},"7":{"name":"depositProfit","line":125,"loc":{"start":{"line":125,"column":4},"end":{"line":125,"column":61}}},"8":{"name":"profitShareOwing","line":134,"loc":{"start":{"line":134,"column":4},"end":{"line":134,"column":73}}},"9":{"name":"updateProfitShare","line":149,"loc":{"start":{"line":149,"column":4},"end":{"line":149,"column":54}}},"10":{"name":"withdrawProfitShare","line":161,"loc":{"start":{"line":161,"column":4},"end":{"line":161,"column":39}}},"11":{"name":"withdrawProfitShareTo","line":165,"loc":{"start":{"line":165,"column":4},"end":{"line":165,"column":61}}},"12":{"name":"withdrawProfitShares","line":170,"loc":{"start":{"line":170,"column":4},"end":{"line":170,"column":82}}},"13":{"name":"_withdrawProfitShare","line":177,"loc":{"start":{"line":177,"column":4},"end":{"line":177,"column":81}}}},"statementMap":{"1":{"start":{"line":79,"column":8},"end":{"line":79,"column":79}},"2":{"start":{"line":85,"column":8},"end":{"line":85,"column":83}},"3":{"start":{"line":92,"column":8},"end":{"line":92,"column":43}},"4":{"start":{"line":97,"column":8},"end":{"line":97,"column":22}},"5":{"start":{"line":103,"column":8},"end":{"line":103,"column":83}},"6":{"start":{"line":106,"column":8},"end":{"line":106,"column":4055}},"7":{"start":{"line":107,"column":12},"end":{"line":107,"column":59}},"8":{"start":{"line":109,"column":8},"end":{"line":109,"column":44}},"9":{"start":{"line":115,"column":8},"end":{"line":115,"column":87}},"10":{"start":{"line":118,"column":8},"end":{"line":118,"column":4617}},"11":{"start":{"line":119,"column":12},"end":{"line":119,"column":63}},"12":{"start":{"line":121,"column":8},"end":{"line":121,"column":48}},"13":{"start":{"line":126,"column":8},"end":{"line":126,"column":49}},"14":{"start":{"line":128,"column":8},"end":{"line":128,"column":49}},"15":{"start":{"line":135,"column":8},"end":{"line":135,"column":5239}},"16":{"start":{"line":136,"column":12},"end":{"line":136,"column":20}},"17":{"start":{"line":139,"column":8},"end":{"line":139,"column":59}},"18":{"start":{"line":141,"column":8},"end":{"line":141,"column":5435}},"19":{"start":{"line":150,"column":8},"end":{"line":150,"column":61}},"20":{"start":{"line":152,"column":8},"end":{"line":152,"column":56}},"21":{"start":{"line":154,"column":8},"end":{"line":154,"column":58}},"22":{"start":{"line":155,"column":8},"end":{"line":155,"column":55}},"23":{"start":{"line":157,"column":8},"end":{"line":157,"column":57}},"24":{"start":{"line":162,"column":8},"end":{"line":162,"column":51}},"25":{"start":{"line":166,"column":8},"end":{"line":166,"column":53}},"26":{"start":{"line":171,"column":8},"end":{"line":171,"column":6444}},"27":{"start":{"line":172,"column":12},"end":{"line":172,"column":61}},"28":{"start":{"line":178,"column":8},"end":{"line":178,"column":35}},"29":{"start":{"line":180,"column":8},"end":{"line":180,"column":66}},"30":{"start":{"line":182,"column":8},"end":{"line":182,"column":42}},"31":{"start":{"line":185,"column":8},"end":{"line":185,"column":81}}},"branchMap":{"1":{"line":79,"type":"if","locations":[{"start":{"line":79,"column":8},"end":{"line":79,"column":8}},{"start":{"line":79,"column":8},"end":{"line":79,"column":8}}]},"2":{"line":85,"type":"if","locations":[{"start":{"line":85,"column":8},"end":{"line":85,"column":8}},{"start":{"line":85,"column":8},"end":{"line":85,"column":8}}]},"3":{"line":103,"type":"if","locations":[{"start":{"line":103,"column":8},"end":{"line":103,"column":8}},{"start":{"line":103,"column":8},"end":{"line":103,"column":8}}]},"4":{"line":106,"type":"if","locations":[{"start":{"line":106,"column":8},"end":{"line":106,"column":8}},{"start":{"line":106,"column":8},"end":{"line":106,"column":8}}]},"5":{"line":115,"type":"if","locations":[{"start":{"line":115,"column":8},"end":{"line":115,"column":8}},{"start":{"line":115,"column":8},"end":{"line":115,"column":8}}]},"6":{"line":118,"type":"if","locations":[{"start":{"line":118,"column":8},"end":{"line":118,"column":8}},{"start":{"line":118,"column":8},"end":{"line":118,"column":8}}]},"7":{"line":135,"type":"if","locations":[{"start":{"line":135,"column":8},"end":{"line":135,"column":8}},{"start":{"line":135,"column":8},"end":{"line":135,"column":8}}]},"8":{"line":150,"type":"if","locations":[{"start":{"line":150,"column":8},"end":{"line":150,"column":8}},{"start":{"line":150,"column":8},"end":{"line":150,"column":8}}]}}},"contracts/token/StokrToken.sol":{"l":{"33":28,"34":28,"39":3,"54":3,"57":2,"59":2,"60":2,"62":2,"68":35,"75":91,"83":1,"96":2,"98":2,"100":2,"108":10,"117":2,"119":2,"121":2,"136":1,"137":1,"139":1,"140":1,"142":1,"143":1,"145":1,"147":1},"path":"/usr/home/gerard/Projekte/Solidity/SICOS/Smart Contracts/repository/contracts/token/StokrToken.sol","s":{"1":28,"2":28,"3":3,"4":3,"5":2,"6":2,"7":2,"8":35,"9":91,"10":1,"11":2,"12":2,"13":2,"14":10,"15":2,"16":2,"17":2,"18":1,"19":1,"20":1,"21":1,"22":1,"23":1,"24":1,"25":1},"b":{"1":[2,1],"2":[2,0],"3":[1,0],"4":[1,0]},"f":{"1":28,"2":3,"3":3,"4":35,"5":91,"6":1,"7":2,"8":10,"9":2,"10":1},"fnMap":{"1":{"name":null,"line":21,"loc":{"start":{"line":21,"column":4},"end":{"line":32,"column":5}}},"2":{"name":"destruct","line":38,"loc":{"start":{"line":38,"column":4},"end":{"line":38,"column":39}}},"3":{"name":"recoverKey","line":45,"loc":{"start":{"line":45,"column":4},"end":{"line":50,"column":5}}},"4":{"name":"totalSupply","line":67,"loc":{"start":{"line":67,"column":4},"end":{"line":67,"column":51}}},"5":{"name":"balanceOf","line":74,"loc":{"start":{"line":74,"column":4},"end":{"line":74,"column":66}}},"6":{"name":"allowance","line":82,"loc":{"start":{"line":82,"column":4},"end":{"line":82,"column":84}}},"7":{"name":"approve","line":90,"loc":{"start":{"line":90,"column":4},"end":{"line":95,"column":5}}},"8":{"name":"transfer","line":107,"loc":{"start":{"line":107,"column":4},"end":{"line":107,"column":67}}},"9":{"name":"transferFrom","line":116,"loc":{"start":{"line":116,"column":4},"end":{"line":116,"column":86}}},"10":{"name":"_transfer","line":129,"loc":{"start":{"line":129,"column":4},"end":{"line":135,"column":5}}}},"statementMap":{"1":{"start":{"line":33,"column":8},"end":{"line":33,"column":19}},"2":{"start":{"line":34,"column":8},"end":{"line":34,"column":23}},"3":{"start":{"line":39,"column":8},"end":{"line":39,"column":26}},"4":{"start":{"line":54,"column":8},"end":{"line":54,"column":1591}},"5":{"start":{"line":57,"column":8},"end":{"line":57,"column":37}},"6":{"start":{"line":59,"column":8},"end":{"line":59,"column":52}},"7":{"start":{"line":62,"column":8},"end":{"line":62,"column":50}},"8":{"start":{"line":68,"column":8},"end":{"line":68,"column":27}},"9":{"start":{"line":75,"column":8},"end":{"line":75,"column":42}},"10":{"start":{"line":83,"column":8},"end":{"line":83,"column":46}},"11":{"start":{"line":96,"column":8},"end":{"line":96,"column":48}},"12":{"start":{"line":98,"column":8},"end":{"line":98,"column":51}},"13":{"start":{"line":100,"column":8},"end":{"line":100,"column":19}},"14":{"start":{"line":108,"column":8},"end":{"line":108,"column":49}},"15":{"start":{"line":117,"column":8},"end":{"line":117,"column":83}},"16":{"start":{"line":119,"column":8},"end":{"line":119,"column":80}},"17":{"start":{"line":121,"column":8},"end":{"line":121,"column":44}},"18":{"start":{"line":136,"column":8},"end":{"line":136,"column":56}},"19":{"start":{"line":137,"column":8},"end":{"line":137,"column":75}},"20":{"start":{"line":139,"column":8},"end":{"line":139,"column":31}},"21":{"start":{"line":140,"column":8},"end":{"line":140,"column":29}},"22":{"start":{"line":142,"column":8},"end":{"line":142,"column":68}},"23":{"start":{"line":143,"column":8},"end":{"line":143,"column":64}},"24":{"start":{"line":145,"column":8},"end":{"line":145,"column":41}},"25":{"start":{"line":147,"column":8},"end":{"line":147,"column":19}}},"branchMap":{"1":{"line":54,"type":"if","locations":[{"start":{"line":54,"column":8},"end":{"line":54,"column":8}},{"start":{"line":54,"column":8},"end":{"line":54,"column":8}}]},"2":{"line":117,"type":"if","locations":[{"start":{"line":117,"column":8},"end":{"line":117,"column":8}},{"start":{"line":117,"column":8},"end":{"line":117,"column":8}}]},"3":{"line":136,"type":"if","locations":[{"start":{"line":136,"column":8},"end":{"line":136,"column":8}},{"start":{"line":136,"column":8},"end":{"line":136,"column":8}}]},"4":{"line":137,"type":"if","locations":[{"start":{"line":137,"column":8},"end":{"line":137,"column":8}},{"start":{"line":137,"column":8},"end":{"line":137,"column":8}}]}}},"contracts/whitelist/Whitelist.sol":{"l":{"33":40,"34":36,"40":32,"42":31,"43":28,"45":28,"52":3,"54":2,"55":1,"57":1,"64":29,"65":111,"66":104,"68":104,"76":7,"77":21,"78":14,"80":14},"path":"/usr/home/gerard/Projekte/Solidity/SICOS/Smart Contracts/repository/contracts/whitelist/Whitelist.sol","s":{"1":40,"2":32,"3":31,"4":28,"5":28,"6":3,"7":2,"8":1,"9":1,"10":29,"11":111,"12":104,"13":104,"14":7,"15":21,"16":14,"17":14},"b":{"1":[36,4],"2":[31,1],"3":[28,3],"4":[2,1],"5":[1,1],"6":[104,7],"7":[14,7]},"f":{"1":40,"2":32,"3":3,"4":29,"5":7},"fnMap":{"1":{"name":"onlyAdmin","line":32,"loc":{"start":{"line":32,"column":4},"end":{"line":32,"column":22}}},"2":{"name":"addAdmin","line":39,"loc":{"start":{"line":39,"column":4},"end":{"line":39,"column":52}}},"3":{"name":"removeAdmin","line":51,"loc":{"start":{"line":51,"column":4},"end":{"line":51,"column":55}}},"4":{"name":"addToWhitelist","line":63,"loc":{"start":{"line":63,"column":4},"end":{"line":63,"column":71}}},"5":{"name":"removeFromWhitelist","line":75,"loc":{"start":{"line":75,"column":4},"end":{"line":75,"column":76}}}},"statementMap":{"1":{"start":{"line":33,"column":8},"end":{"line":33,"column":67}},"2":{"start":{"line":40,"column":8},"end":{"line":40,"column":65}},"3":{"start":{"line":42,"column":8},"end":{"line":42,"column":1268}},"4":{"start":{"line":43,"column":12},"end":{"line":43,"column":32}},"5":{"start":{"line":45,"column":12},"end":{"line":45,"column":35}},"6":{"start":{"line":52,"column":8},"end":{"line":52,"column":65}},"7":{"start":{"line":54,"column":8},"end":{"line":54,"column":1601}},"8":{"start":{"line":55,"column":12},"end":{"line":55,"column":33}},"9":{"start":{"line":57,"column":12},"end":{"line":57,"column":37}},"10":{"start":{"line":64,"column":8},"end":{"line":64,"column":1903}},"11":{"start":{"line":65,"column":12},"end":{"line":65,"column":1969}},"12":{"start":{"line":66,"column":16},"end":{"line":66,"column":50}},"13":{"start":{"line":68,"column":16},"end":{"line":68,"column":61}},"14":{"start":{"line":76,"column":8},"end":{"line":76,"column":2347}},"15":{"start":{"line":77,"column":12},"end":{"line":77,"column":2413}},"16":{"start":{"line":78,"column":16},"end":{"line":78,"column":51}},"17":{"start":{"line":80,"column":16},"end":{"line":80,"column":63}}},"branchMap":{"1":{"line":33,"type":"if","locations":[{"start":{"line":33,"column":8},"end":{"line":33,"column":8}},{"start":{"line":33,"column":8},"end":{"line":33,"column":8}}]},"2":{"line":40,"type":"if","locations":[{"start":{"line":40,"column":8},"end":{"line":40,"column":8}},{"start":{"line":40,"column":8},"end":{"line":40,"column":8}}]},"3":{"line":42,"type":"if","locations":[{"start":{"line":42,"column":8},"end":{"line":42,"column":8}},{"start":{"line":42,"column":8},"end":{"line":42,"column":8}}]},"4":{"line":52,"type":"if","locations":[{"start":{"line":52,"column":8},"end":{"line":52,"column":8}},{"start":{"line":52,"column":8},"end":{"line":52,"column":8}}]},"5":{"line":54,"type":"if","locations":[{"start":{"line":54,"column":8},"end":{"line":54,"column":8}},{"start":{"line":54,"column":8},"end":{"line":54,"column":8}}]},"6":{"line":65,"type":"if","locations":[{"start":{"line":65,"column":12},"end":{"line":65,"column":12}},{"start":{"line":65,"column":12},"end":{"line":65,"column":12}}]},"7":{"line":77,"type":"if","locations":[{"start":{"line":77,"column":12},"end":{"line":77,"column":12}},{"start":{"line":77,"column":12},"end":{"line":77,"column":12}}]}}},"contracts/whitelist/Whitelisted.sol":{"l":{"19":114,"20":91,"26":30,"32":33,"34":31,"35":2,"37":31},"path":"/usr/home/gerard/Projekte/Solidity/SICOS/Smart Contracts/repository/contracts/whitelist/Whitelisted.sol","s":{"1":114,"2":30,"3":33,"4":31,"5":2,"6":31},"b":{"1":[91,23],"2":[31,2],"3":[2,29]},"f":{"1":114,"2":30,"3":33},"fnMap":{"1":{"name":"onlyWhitelisted","line":18,"loc":{"start":{"line":18,"column":4},"end":{"line":18,"column":44}}},"2":{"name":null,"line":25,"loc":{"start":{"line":25,"column":4},"end":{"line":25,"column":42}}},"3":{"name":"setWhitelist","line":31,"loc":{"start":{"line":31,"column":4},"end":{"line":31,"column":65}}}},"statementMap":{"1":{"start":{"line":19,"column":8},"end":{"line":19,"column":79}},"2":{"start":{"line":26,"column":8},"end":{"line":26,"column":31}},"3":{"start":{"line":32,"column":8},"end":{"line":32,"column":83}},"4":{"start":{"line":34,"column":8},"end":{"line":34,"column":974}},"5":{"start":{"line":35,"column":12},"end":{"line":35,"column":57}},"6":{"start":{"line":37,"column":8},"end":{"line":37,"column":43}}},"branchMap":{"1":{"line":19,"type":"if","locations":[{"start":{"line":19,"column":8},"end":{"line":19,"column":8}},{"start":{"line":19,"column":8},"end":{"line":19,"column":8}}]},"2":{"line":32,"type":"if","locations":[{"start":{"line":32,"column":8},"end":{"line":32,"column":8}},{"start":{"line":32,"column":8},"end":{"line":32,"column":8}}]},"3":{"line":34,"type":"if","locations":[{"start":{"line":34,"column":8},"end":{"line":34,"column":8}},{"start":{"line":34,"column":8},"end":{"line":34,"column":8}}]}}}}