TN:
SF:/usr/home/gerard/Projekte/Ethereum/SICOS/stokr-smart-contracts/contracts/crowdsale/MintingCrowdsale.sol
FN:98,
FN:164,
FN:174,distributeTokensViaPublicSale
FN:183,distributeTokensViaPrivateSale
FN:190,hasClosed
FN:196,isOpen
FN:202,timeRemaining
FN:212,tokenSold
FN:218,buyTokens
FN:250,changeClosingTime
FN:262,finalize
FN:280,distributeTokens
FN:304,forwardFunds
FNF:13
FNH:13
FNDA:34,
FNDA:3,
FNDA:16,distributeTokensViaPublicSale
FNDA:16,distributeTokensViaPrivateSale
FNDA:78,hasClosed
FNDA:44,isOpen
FNDA:7,timeRemaining
FNDA:84,tokenSold
FNDA:38,buyTokens
FNDA:13,changeClosingTime
FNDA:12,finalize
FNDA:30,distributeTokens
FNDA:6,forwardFunds
DA:115,34
DA:116,33
DA:117,32
DA:118,31
DA:119,30
DA:120,29
DA:123,27
DA:124,26
DA:125,25
DA:126,24
DA:127,23
DA:133,22
DA:136,21
DA:141,21
DA:143,20
DA:144,20
DA:145,20
DA:146,20
DA:147,20
DA:148,20
DA:149,20
DA:150,20
DA:151,20
DA:152,20
DA:153,20
DA:154,20
DA:155,20
DA:157,20
DA:158,20
DA:165,3
DA:167,2
DA:175,16
DA:184,16
DA:191,78
DA:197,44
DA:203,7
DA:204,4
DA:207,3
DA:213,84
DA:219,38
DA:221,33
DA:223,33
DA:226,32
DA:228,32
DA:229,31
DA:232,30
DA:233,3
DA:235,3
DA:237,2
DA:240,29
DA:242,29
DA:243,28
DA:245,28
DA:251,13
DA:252,9
DA:253,7
DA:254,6
DA:256,4
DA:258,4
DA:263,12
DA:264,10
DA:266,8
DA:267,7
DA:269,8
DA:270,8
DA:272,8
DA:285,30
DA:286,26
DA:288,22
DA:289,34
DA:290,34
DA:292,34
DA:294,32
DA:295,32
DA:297,32
DA:300,20
DA:305,6
LF:77
LH:77
BRDA:115,1,0,33
BRDA:115,1,1,1
BRDA:116,2,0,32
BRDA:116,2,1,1
BRDA:117,3,0,31
BRDA:117,3,1,1
BRDA:118,4,0,30
BRDA:118,4,1,1
BRDA:119,5,0,29
BRDA:119,5,1,1
BRDA:120,6,0,27
BRDA:120,6,1,2
BRDA:123,7,0,26
BRDA:123,7,1,1
BRDA:124,8,0,25
BRDA:124,8,1,1
BRDA:125,9,0,24
BRDA:125,9,1,1
BRDA:126,10,0,23
BRDA:126,10,1,1
BRDA:127,11,0,22
BRDA:127,11,1,1
BRDA:133,12,0,21
BRDA:133,12,1,1
BRDA:136,13,0,20
BRDA:136,13,1,1
BRDA:165,14,0,2
BRDA:165,14,1,1
BRDA:203,15,0,4
BRDA:203,15,1,3
BRDA:219,16,0,33
BRDA:219,16,1,5
BRDA:223,17,0,32
BRDA:223,17,1,1
BRDA:228,18,0,31
BRDA:228,18,1,1
BRDA:229,19,0,30
BRDA:229,19,1,1
BRDA:232,20,0,3
BRDA:232,20,1,27
BRDA:235,21,0,2
BRDA:235,21,1,1
BRDA:251,22,0,9
BRDA:251,22,1,4
BRDA:252,23,0,7
BRDA:252,23,1,2
BRDA:253,24,0,6
BRDA:253,24,1,1
BRDA:254,25,0,4
BRDA:254,25,1,2
BRDA:263,26,0,10
BRDA:263,26,1,2
BRDA:264,27,0,8
BRDA:264,27,1,2
BRDA:266,28,0,7
BRDA:266,28,1,1
BRDA:285,29,0,26
BRDA:285,29,1,4
BRDA:286,30,0,22
BRDA:286,30,1,4
BRDA:292,31,0,32
BRDA:292,31,1,2
BRF:62
BRH:62
end_of_record
TN:
SF:/usr/home/gerard/Projekte/Ethereum/SICOS/stokr-smart-contracts/contracts/crowdsale/RateSourceInterface.sol
FNF:0
FNH:0
LF:0
LH:0
BRF:0
BRH:0
end_of_record
TN:
SF:/usr/home/gerard/Projekte/Ethereum/SICOS/stokr-smart-contracts/contracts/crowdsale/StokrCrowdsale.sol
FN:39,
FN:79,goalReached
FN:84,distributeRefunds
FN:91,claimRefund
FN:96,finalize
FN:105,forwardFunds
FN:116,refundInvestor
FNF:7
FNH:7
FNDA:20,
FNDA:57,goalReached
FNDA:9,distributeRefunds
FNDA:11,claimRefund
FNDA:12,finalize
FNDA:28,forwardFunds
FNDA:22,refundInvestor
DA:72,20
DA:74,19
DA:80,57
DA:85,9
DA:86,11
DA:92,11
DA:97,12
DA:99,8
DA:100,3
DA:106,28
DA:107,6
DA:110,22
DA:117,22
DA:118,14
DA:120,12
DA:122,12
DA:123,10
DA:124,10
DA:126,10
LF:19
LH:19
BRDA:72,1,0,19
BRDA:72,1,1,1
BRDA:99,2,0,3
BRDA:99,2,1,5
BRDA:106,3,0,6
BRDA:106,3,1,22
BRDA:117,4,0,14
BRDA:117,4,1,8
BRDA:118,5,0,12
BRDA:118,5,1,2
BRDA:122,6,0,10
BRDA:122,6,1,2
BRF:12
BRH:12
end_of_record
TN:
SF:/usr/home/gerard/Projekte/Ethereum/SICOS/stokr-smart-contracts/contracts/crowdsale/StokrCrowdsaleFactory.sol
FN:11,createNewCrowdsale
FNF:1
FNH:1
FNDA:7,createNewCrowdsale
DA:22,7
DA:38,7
DA:40,7
LF:3
LH:3
BRF:0
BRH:0
end_of_record
TN:
SF:/usr/home/gerard/Projekte/Ethereum/SICOS/stokr-smart-contracts/contracts/math/SafeMath.sol
FN:9,add
FN:18,sub
FN:25,mul
FN:38,div
FNF:4
FNH:4
FNDA:306,add
FNDA:157,sub
FNDA:135,mul
FNDA:113,div
DA:10,306
DA:12,306
DA:14,305
DA:19,157
DA:21,156
DA:26,135
DA:27,41
DA:30,94
DA:32,94
DA:34,92
DA:39,113
LF:11
LH:11
BRDA:12,1,0,305
BRDA:12,1,1,1
BRDA:19,2,0,156
BRDA:19,2,1,1
BRDA:26,3,0,41
BRDA:26,3,1,94
BRDA:32,4,0,92
BRDA:32,4,1,2
BRF:8
BRH:8
end_of_record
TN:
SF:/usr/home/gerard/Projekte/Ethereum/SICOS/stokr-smart-contracts/contracts/mockups/RateSourceMockup.sol
FN:10,
FN:14,etherRate
FNF:2
FNH:2
FNDA:25,
FNDA:62,etherRate
DA:11,25
DA:15,62
LF:2
LH:2
BRF:0
BRH:0
end_of_record
TN:
SF:/usr/home/gerard/Projekte/Ethereum/SICOS/stokr-smart-contracts/contracts/mockups/SafeMathUserMockup.sol
FN:9,sum
FN:13,diff
FN:17,prod
FN:21,quot
FNF:4
FNH:4
FNDA:2,sum
FNDA:2,diff
FNDA:3,prod
FNDA:2,quot
DA:10,2
DA:14,2
DA:18,3
DA:22,2
LF:4
LH:4
BRF:0
BRH:0
end_of_record
TN:
SF:/usr/home/gerard/Projekte/Ethereum/SICOS/stokr-smart-contracts/contracts/ownership/Ownable.sol
FN:23,onlyOwner
FN:29,
FN:36,transferOwnership
FN:46,transferOwnershipUnsafe
FN:53,claimOwnership
FN:61,_transferOwnership
FNF:6
FNH:6
FNDA:442,onlyOwner
FNDA:149,
FNDA:11,transferOwnership
FNDA:32,transferOwnershipUnsafe
FNDA:6,claimOwnership
FNDA:34,_transferOwnership
DA:24,442
DA:25,422
DA:30,149
DA:37,11
DA:39,10
DA:47,32
DA:49,31
DA:54,6
DA:56,3
DA:62,34
DA:63,32
DA:65,32
LF:12
LH:12
BRDA:24,1,0,422
BRDA:24,1,1,20
BRDA:37,2,0,10
BRDA:37,2,1,1
BRDA:47,3,0,31
BRDA:47,3,1,1
BRDA:54,4,0,3
BRDA:54,4,1,3
BRDA:62,5,0,32
BRDA:62,5,1,2
BRF:10
BRH:10
end_of_record
TN:
SF:/usr/home/gerard/Projekte/Ethereum/SICOS/stokr-smart-contracts/contracts/StokrProjectManager.sol
FN:67,onlyRateAdmin
FN:75,
FN:86,setWhitelist
FN:94,setTokenFactory
FN:102,setCrowdsaleFactory
FN:110,setRateAdmin
FN:122,setRate
FN:136,etherRate
FN:142,projectsCount
FN:148,createNewProject
FNF:10
FNH:10
FNDA:9,onlyRateAdmin
FNDA:11,
FNDA:4,setWhitelist
FNDA:4,setTokenFactory
FNDA:4,setCrowdsaleFactory
FNDA:7,setRateAdmin
FNDA:7,setRate
FNDA:9,etherRate
FNDA:7,projectsCount
FNDA:10,createNewProject
DA:68,9
DA:69,7
DA:76,11
DA:77,10
DA:79,9
DA:80,9
DA:87,4
DA:89,3
DA:95,4
DA:97,3
DA:103,4
DA:105,3
DA:111,7
DA:113,6
DA:114,5
DA:116,5
DA:124,7
DA:125,4
DA:127,3
DA:128,2
DA:130,2
DA:137,9
DA:143,7
DA:160,10
DA:161,9
DA:162,8
DA:173,7
DA:182,7
DA:189,7
DA:190,7
DA:191,7
DA:194,7
DA:196,7
LF:33
LH:33
BRDA:68,1,0,7
BRDA:68,1,1,2
BRDA:76,2,0,10
BRDA:76,2,1,1
BRDA:77,3,0,9
BRDA:77,3,1,1
BRDA:87,4,0,3
BRDA:87,4,1,1
BRDA:95,5,0,3
BRDA:95,5,1,1
BRDA:103,6,0,3
BRDA:103,6,1,1
BRDA:111,7,0,6
BRDA:111,7,1,1
BRDA:113,8,0,5
BRDA:113,8,1,1
BRDA:124,9,0,4
BRDA:124,9,1,3
BRDA:125,10,0,3
BRDA:125,10,1,1
BRDA:127,11,0,2
BRDA:127,11,1,1
BRDA:160,12,0,9
BRDA:160,12,1,1
BRDA:161,13,0,8
BRDA:161,13,1,1
BRDA:162,14,0,7
BRDA:162,14,1,1
BRF:28
BRH:28
end_of_record
TN:
SF:/usr/home/gerard/Projekte/Ethereum/SICOS/stokr-smart-contracts/contracts/token/ERC20.sol
FNF:0
FNH:0
LF:0
LH:0
BRF:0
BRH:0
end_of_record
TN:
SF:/usr/home/gerard/Projekte/Ethereum/SICOS/stokr-smart-contracts/contracts/token/MintableToken.sol
FN:27,onlyMinter
FN:33,canMint
FN:40,setMinter
FN:50,mint
FN:63,finishMinting
FNF:5
FNH:5
FNDA:110,onlyMinter
FNDA:103,canMint
FNDA:30,setMinter
FNDA:81,mint
FNDA:18,finishMinting
DA:28,110
DA:29,107
DA:34,103
DA:35,101
DA:41,30
DA:42,29
DA:44,28
DA:51,81
DA:52,72
DA:55,81
DA:56,81
DA:58,81
DA:59,81
DA:64,18
DA:66,18
LF:15
LH:15
BRDA:28,1,0,107
BRDA:28,1,1,3
BRDA:34,2,0,101
BRDA:34,2,1,2
BRDA:41,3,0,29
BRDA:41,3,1,1
BRDA:42,4,0,28
BRDA:42,4,1,1
BRDA:51,5,0,72
BRDA:51,5,1,9
BRF:10
BRH:10
end_of_record
TN:
SF:/usr/home/gerard/Projekte/Ethereum/SICOS/stokr-smart-contracts/contracts/token/ProfitSharing.sol
FN:80,onlyProfitDepositor
FN:86,onlyProfitDistributor
FN:92,onlyWhenTotalSupplyIsFixed
FN:99,
FN:105,
FN:113,setProfitDepositor
FN:125,setProfitDistributor
FN:136,depositProfit
FN:147,profitShareOwing
FN:162,updateProfitShare
FN:172,withdrawProfitShare
FN:176,withdrawProfitShareTo
FN:181,withdrawProfitShares
FN:188,_withdrawProfitShare
FNF:14
FNH:14
FNDA:15,onlyProfitDepositor
FNDA:3,onlyProfitDistributor
FNDA:122,onlyWhenTotalSupplyIsFixed
FNDA:47,
FNDA:4,
FNDA:51,setProfitDepositor
FNDA:60,setProfitDistributor
FNDA:12,depositProfit
FNDA:90,profitShareOwing
FNDA:31,updateProfitShare
FNDA:3,withdrawProfitShare
FNDA:2,withdrawProfitShareTo
FNDA:2,withdrawProfitShares
FNDA:9,_withdrawProfitShare
DA:81,15
DA:82,13
DA:87,3
DA:88,2
DA:93,122
DA:94,114
DA:100,47
DA:101,46
DA:106,4
DA:108,3
DA:114,51
DA:116,49
DA:117,48
DA:119,48
DA:126,60
DA:128,58
DA:129,47
DA:131,47
DA:137,12
DA:139,11
DA:141,11
DA:148,90
DA:149,18
DA:152,72
DA:154,72
DA:163,31
DA:165,31
DA:166,31
DA:168,31
DA:173,3
DA:177,2
DA:182,2
DA:183,4
DA:189,9
DA:191,6
DA:193,6
DA:194,6
DA:196,6
LF:38
LH:38
BRDA:81,1,0,13
BRDA:81,1,1,2
BRDA:87,2,0,2
BRDA:87,2,1,1
BRDA:93,3,0,114
BRDA:93,3,1,8
BRDA:106,4,0,3
BRDA:106,4,1,1
BRDA:114,5,0,49
BRDA:114,5,1,2
BRDA:116,6,0,48
BRDA:116,6,1,1
BRDA:126,7,0,58
BRDA:126,7,1,2
BRDA:128,8,0,47
BRDA:128,8,1,11
BRDA:137,9,0,11
BRDA:137,9,1,1
BRDA:148,10,0,18
BRDA:148,10,1,72
BRF:20
BRH:20
end_of_record
TN:
SF:/usr/home/gerard/Projekte/Ethereum/SICOS/stokr-smart-contracts/contracts/token/StokrToken.sol
FN:24,
FN:42,destruct
FN:50,recoverToken
FN:72,totalSupply
FN:79,balanceOf
FN:87,allowance
FN:96,approve
FN:105,increaseAllowance
FN:116,decreaseAllowance
FN:127,canTransfer
FN:144,canTransferFrom
FN:155,transfer
FN:165,transferFrom
FN:177,_approve
FN:195,_transfer
FNF:15
FNH:15
FNDA:43,
FNDA:4,destruct
FNDA:3,recoverToken
FNDA:36,totalSupply
FNDA:114,balanceOf
FNDA:4,allowance
FNDA:47,approve
FNDA:5,increaseAllowance
FNDA:5,decreaseAllowance
FNDA:19,canTransfer
FNDA:10,canTransferFrom
FNDA:10,transfer
FNDA:10,transferFrom
FNDA:58,_approve
FNDA:13,_transfer
DA:37,43
DA:38,43
DA:43,4
DA:44,4
DA:58,3
DA:61,2
DA:63,2
DA:64,2
DA:66,2
DA:67,2
DA:73,36
DA:80,114
DA:88,4
DA:97,47
DA:106,5
DA:108,4
DA:117,5
DA:119,4
DA:130,19
DA:147,10
DA:156,10
DA:166,10
DA:168,9
DA:183,58
DA:185,58
DA:187,58
DA:202,13
DA:203,11
DA:205,9
DA:206,9
DA:208,9
DA:209,9
DA:211,9
DA:213,9
LF:34
LH:34
BRDA:58,1,0,2
BRDA:58,1,1,1
BRDA:106,2,0,4
BRDA:106,2,1,1
BRDA:117,3,0,4
BRDA:117,3,1,1
BRDA:166,4,0,9
BRDA:166,4,1,1
BRDA:202,5,0,11
BRDA:202,5,1,2
BRDA:203,6,0,9
BRDA:203,6,1,2
BRF:12
BRH:12
end_of_record
TN:
SF:/usr/home/gerard/Projekte/Ethereum/SICOS/stokr-smart-contracts/contracts/token/StokrTokenFactory.sol
FN:10,createNewToken
FNF:1
FNH:1
FNDA:7,createNewToken
DA:21,7
DA:29,7
DA:31,7
LF:3
LH:3
BRF:0
BRH:0
end_of_record
TN:
SF:/usr/home/gerard/Projekte/Ethereum/SICOS/stokr-smart-contracts/contracts/token/TokenRecoverable.sol
FN:24,onlyTokenRecoverer
FN:31,
FN:37,setTokenRecoverer
FNF:3
FNH:3
FNDA:5,onlyTokenRecoverer
FNDA:44,
FNDA:48,setTokenRecoverer
DA:25,5
DA:26,4
DA:32,44
DA:38,48
DA:40,46
DA:41,45
DA:43,45
LF:7
LH:7
BRDA:25,1,0,4
BRDA:25,1,1,1
BRDA:38,2,0,46
BRDA:38,2,1,2
BRDA:40,3,0,45
BRDA:40,3,1,1
BRF:6
BRH:6
end_of_record
TN:
SF:/usr/home/gerard/Projekte/Ethereum/SICOS/stokr-smart-contracts/contracts/whitelist/Whitelist.sol
FN:35,onlyAdmin
FN:42,addAdmin
FN:54,removeAdmin
FN:66,addToWhitelist
FN:78,removeFromWhitelist
FNF:5
FNH:5
FNDA:62,onlyAdmin
FNDA:42,addAdmin
FNDA:3,removeAdmin
FNDA:47,addToWhitelist
FNDA:11,removeFromWhitelist
DA:36,62
DA:37,58
DA:43,42
DA:45,41
DA:46,38
DA:48,38
DA:55,3
DA:57,2
DA:58,1
DA:60,1
DA:67,47
DA:68,153
DA:69,146
DA:71,146
DA:79,11
DA:80,25
DA:81,18
DA:83,18
LF:18
LH:18
BRDA:36,1,0,58
BRDA:36,1,1,4
BRDA:43,2,0,41
BRDA:43,2,1,1
BRDA:45,3,0,38
BRDA:45,3,1,3
BRDA:55,4,0,2
BRDA:55,4,1,1
BRDA:57,5,0,1
BRDA:57,5,1,1
BRDA:68,6,0,146
BRDA:68,6,1,7
BRDA:80,7,0,18
BRDA:80,7,1,7
BRF:14
BRH:14
end_of_record
TN:
SF:/usr/home/gerard/Projekte/Ethereum/SICOS/stokr-smart-contracts/contracts/whitelist/Whitelisted.sol
FN:19,onlyWhitelisted
FN:26,
FN:32,setWhitelist
FNF:3
FNH:3
FNDA:184,onlyWhitelisted
FNDA:45,
FNDA:49,setWhitelist
DA:20,184
DA:21,174
DA:27,45
DA:33,49
DA:35,47
DA:36,46
DA:38,46
LF:7
LH:7
BRDA:20,1,0,174
BRDA:20,1,1,10
BRDA:33,2,0,47
BRDA:33,2,1,2
BRDA:35,3,0,46
BRDA:35,3,1,1
BRF:6
BRH:6
end_of_record
