TN:
SF:/usr/home/gerard/Projekte/Solidity/SICOS/Smart Contracts/repository/contracts/crowdsale/MintingCrowdsale.sol
FN:90,
FN:137,onlyRateAdmin
FN:143,
FN:150,distributeTokensViaPublicSale
FN:158,distributeTokensViaPrivateSale
FN:165,setRateAdmin
FN:177,setRate
FN:190,hasClosed
FN:196,isOpen
FN:202,timeRemaining
FN:212,tokenSold
FN:218,buyTokens
FN:234,finalize
FN:250,distributeTokens
FN:274,forwardFunds
FNF:15
FNH:15
FNDA:21,
FNDA:10,onlyRateAdmin
FNDA:2,
FNDA:16,distributeTokensViaPublicSale
FNDA:16,distributeTokensViaPrivateSale
FNDA:6,setRateAdmin
FNDA:8,setRate
FNDA:57,hasClosed
FNDA:38,isOpen
FNDA:7,timeRemaining
FNDA:71,tokenSold
FNDA:32,buyTokens
FNDA:10,finalize
FNDA:30,distributeTokens
FNDA:5,forwardFunds
DA:105,21
DA:106,20
DA:107,19
DA:108,18
DA:109,17
DA:110,16
DA:111,15
DA:112,14
DA:113,13
DA:114,12
DA:115,11
DA:118,10
DA:120,9
DA:121,9
DA:122,9
DA:123,9
DA:124,9
DA:125,9
DA:126,9
DA:127,9
DA:128,9
DA:129,9
DA:130,9
DA:132,9
DA:133,9
DA:138,10
DA:139,8
DA:144,2
DA:151,16
DA:159,16
DA:166,6
DA:168,5
DA:169,4
DA:171,4
DA:179,8
DA:181,5
DA:182,4
DA:184,4
DA:191,57
DA:197,38
DA:203,7
DA:204,4
DA:207,3
DA:213,71
DA:219,32
DA:222,27
DA:224,27
DA:226,26
DA:227,26
DA:228,25
DA:230,25
DA:235,10
DA:236,8
DA:238,6
DA:239,6
DA:240,6
DA:242,6
DA:255,30
DA:256,26
DA:258,22
DA:259,34
DA:260,34
DA:262,34
DA:264,32
DA:265,32
DA:267,32
DA:270,20
DA:275,5
LF:68
LH:68
BRDA:105,1,0,20
BRDA:105,1,1,1
BRDA:106,2,0,19
BRDA:106,2,1,1
BRDA:107,3,0,18
BRDA:107,3,1,1
BRDA:108,4,0,17
BRDA:108,4,1,1
BRDA:109,5,0,16
BRDA:109,5,1,1
BRDA:110,6,0,15
BRDA:110,6,1,1
BRDA:111,7,0,14
BRDA:111,7,1,1
BRDA:112,8,0,13
BRDA:112,8,1,1
BRDA:113,9,0,12
BRDA:113,9,1,1
BRDA:114,10,0,11
BRDA:114,10,1,1
BRDA:115,11,0,10
BRDA:115,11,1,1
BRDA:138,12,0,8
BRDA:138,12,1,2
BRDA:166,13,0,5
BRDA:166,13,1,1
BRDA:168,14,0,4
BRDA:168,14,1,1
BRDA:179,15,0,5
BRDA:179,15,1,3
BRDA:181,16,0,4
BRDA:181,16,1,1
BRDA:203,17,0,4
BRDA:203,17,1,3
BRDA:219,18,0,27
BRDA:219,18,1,5
BRDA:224,19,0,26
BRDA:224,19,1,1
BRDA:235,20,0,8
BRDA:235,20,1,2
BRDA:236,21,0,6
BRDA:236,21,1,2
BRDA:255,22,0,26
BRDA:255,22,1,4
BRDA:256,23,0,22
BRDA:256,23,1,4
BRDA:262,24,0,32
BRDA:262,24,1,2
BRF:48
BRH:48
end_of_record
TN:
SF:/usr/home/gerard/Projekte/Solidity/SICOS/Smart Contracts/repository/contracts/crowdsale/StokrCrowdsale.sol
FN:37,
FN:73,goalReached
FN:78,distributeRefunds
FN:85,claimRefund
FN:91,refundInvestor
FN:106,finalize
FN:115,forwardFunds
FNF:7
FNH:7
FNDA:9,
FNDA:52,goalReached
FNDA:9,distributeRefunds
FNDA:11,claimRefund
FNDA:22,refundInvestor
FNDA:10,finalize
FNDA:25,forwardFunds
DA:66,9
DA:68,8
DA:74,52
DA:79,9
DA:80,11
DA:86,11
DA:92,22
DA:93,14
DA:95,12
DA:97,12
DA:98,10
DA:99,10
DA:101,10
DA:107,10
DA:109,6
DA:110,3
DA:116,25
DA:117,5
DA:120,20
LF:19
LH:19
BRDA:66,1,0,8
BRDA:66,1,1,1
BRDA:92,2,0,14
BRDA:92,2,1,8
BRDA:93,3,0,12
BRDA:93,3,1,2
BRDA:97,4,0,10
BRDA:97,4,1,2
BRDA:109,5,0,3
BRDA:109,5,1,3
BRDA:116,6,0,5
BRDA:116,6,1,20
BRF:12
BRH:12
end_of_record
TN:
SF:/usr/home/gerard/Projekte/Solidity/SICOS/Smart Contracts/repository/contracts/math/SafeMath.sol
FN:9,add
FN:18,sub
FN:25,mul
FN:38,div
FNF:4
FNH:4
FNDA:257,add
FNDA:59,sub
FNDA:83,mul
FNDA:83,div
DA:10,257
DA:12,257
DA:14,256
DA:19,59
DA:21,59
DA:26,83
DA:27,12
DA:30,71
DA:32,71
DA:34,71
DA:39,83
LF:11
LH:11
BRDA:12,1,0,256
BRDA:12,1,1,1
BRDA:19,2,0,59
BRDA:19,2,1,0
BRDA:26,3,0,12
BRDA:26,3,1,71
BRDA:32,4,0,71
BRDA:32,4,1,0
BRF:8
BRH:6
end_of_record
TN:
SF:/usr/home/gerard/Projekte/Solidity/SICOS/Smart Contracts/repository/contracts/nameservice/EIP137ResolverInterface.sol
FNF:0
FNH:0
LF:0
LH:0
BRF:0
BRH:0
end_of_record
TN:
SF:/usr/home/gerard/Projekte/Solidity/SICOS/Smart Contracts/repository/contracts/nameservice/ENSResolver.sol
FN:10,supportsInterface
FN:14,addr
FNF:2
FNH:0
FNDA:0,supportsInterface
FNDA:0,addr
DA:11,0
DA:15,0
LF:2
LH:0
BRDA:15,1,0,0
BRDA:15,1,1,0
BRF:2
BRH:0
end_of_record
TN:
SF:/usr/home/gerard/Projekte/Solidity/SICOS/Smart Contracts/repository/contracts/ownership/Ownable.sol
FN:19,onlyOwner
FN:25,
FN:31,transferOwnership
FNF:3
FNH:2
FNDA:239,onlyOwner
FNDA:83,
FNDA:0,transferOwnership
DA:20,239
DA:21,226
DA:26,83
DA:32,0
DA:34,0
DA:36,0
LF:6
LH:3
BRDA:20,1,0,226
BRDA:20,1,1,13
BRDA:32,2,0,0
BRDA:32,2,1,0
BRF:4
BRH:2
end_of_record
TN:
SF:/usr/home/gerard/Projekte/Solidity/SICOS/Smart Contracts/repository/contracts/recovery/KeyRecoverable.sol
FN:22,onlyKeyRecoverer
FN:29,
FN:35,setKeyRecoverer
FNF:3
FNH:3
FNDA:6,onlyKeyRecoverer
FNDA:29,
FNDA:32,setKeyRecoverer
DA:23,6
DA:24,5
DA:30,29
DA:36,32
DA:38,30
DA:39,2
DA:41,30
LF:7
LH:7
BRDA:23,1,0,5
BRDA:23,1,1,1
BRDA:36,2,0,30
BRDA:36,2,1,2
BRDA:38,3,0,2
BRDA:38,3,1,28
BRF:6
BRH:6
end_of_record
TN:
SF:/usr/home/gerard/Projekte/Solidity/SICOS/Smart Contracts/repository/contracts/recovery/KeyRecoverer.sol
FN:17,
FN:24,containsToken
FN:30,addToken
FN:40,removeToken
FN:59,recoverKey
FN:69,checkTokens
FNF:6
FNH:1
FNDA:1,
FNDA:0,containsToken
FNDA:0,addToken
FNDA:0,removeToken
FNDA:0,recoverKey
FNDA:0,checkTokens
DA:18,1
DA:25,0
DA:31,0
DA:32,0
DA:34,0
DA:35,0
DA:41,0
DA:42,0
DA:45,0
DA:48,0
DA:49,0
DA:52,0
DA:53,0
DA:60,0
DA:61,0
DA:62,0
DA:70,0
DA:71,0
DA:72,0
DA:75,0
LF:20
LH:1
BRDA:31,1,0,0
BRDA:31,1,1,0
BRDA:32,2,0,0
BRDA:32,2,1,0
BRDA:41,3,0,0
BRDA:41,3,1,0
BRDA:42,4,0,0
BRDA:42,4,1,0
BRDA:61,5,0,0
BRDA:61,5,1,0
BRDA:71,6,0,0
BRDA:71,6,1,0
BRF:12
BRH:0
end_of_record
TN:
SF:/usr/home/gerard/Projekte/Solidity/SICOS/Smart Contracts/repository/contracts/StokrProjectFactory.sol
FN:24,
FN:28,createNewProject
FNF:2
FNH:1
FNDA:1,
FNDA:0,createNewProject
DA:25,1
DA:50,0
DA:54,0
DA:66,0
DA:67,0
DA:68,0
DA:69,0
LF:7
LH:1
BRF:0
BRH:0
end_of_record
TN:
SF:/usr/home/gerard/Projekte/Solidity/SICOS/Smart Contracts/repository/contracts/token/ERC20.sol
FNF:0
FNH:0
LF:0
LH:0
BRF:0
BRH:0
end_of_record
TN:
SF:/usr/home/gerard/Projekte/Solidity/SICOS/Smart Contracts/repository/contracts/token/MintableToken.sol
FN:25,onlyMinter
FN:31,canMint
FN:37,notMinting
FN:44,setMinter
FN:54,mint
FN:67,finishMinting
FN:75,mintingFinished
FNF:7
FNH:7
FNDA:97,onlyMinter
FNDA:92,canMint
FNDA:6,notMinting
FNDA:17,setMinter
FNDA:75,mint
FNDA:13,finishMinting
FNDA:24,mintingFinished
DA:26,97
DA:27,95
DA:32,92
DA:33,90
DA:38,6
DA:39,3
DA:45,17
DA:46,16
DA:48,15
DA:55,75
DA:56,66
DA:59,75
DA:60,75
DA:62,75
DA:63,75
DA:68,13
DA:70,13
DA:76,24
LF:18
LH:18
BRDA:26,1,0,95
BRDA:26,1,1,2
BRDA:32,2,0,90
BRDA:32,2,1,2
BRDA:38,3,0,3
BRDA:38,3,1,3
BRDA:45,4,0,16
BRDA:45,4,1,1
BRDA:46,5,0,15
BRDA:46,5,1,1
BRDA:55,6,0,66
BRDA:55,6,1,9
BRF:12
BRH:12
end_of_record
TN:
SF:/usr/home/gerard/Projekte/Solidity/SICOS/Smart Contracts/repository/contracts/token/ProfitSharing.sol
FN:78,onlyProfitDepositor
FN:84,onlyProfitDistributor
FN:91,
FN:96,
FN:102,setProfitDepositor
FN:114,setProfitDistributor
FN:125,depositProfit
FN:134,profitShareOwing
FN:149,updateProfitShare
FN:161,withdrawProfitShare
FN:165,withdrawProfitShareTo
FN:170,withdrawProfitShares
FN:177,_withdrawProfitShare
FNF:13
FNH:13
FNDA:12,onlyProfitDepositor
FNDA:3,onlyProfitDistributor
FNDA:31,
FNDA:3,
FNDA:34,setProfitDepositor
FNDA:10,setProfitDistributor
FNDA:10,depositProfit
FNDA:59,profitShareOwing
FNDA:19,updateProfitShare
FNDA:3,withdrawProfitShare
FNDA:2,withdrawProfitShareTo
FNDA:2,withdrawProfitShares
FNDA:9,_withdrawProfitShare
DA:79,12
DA:80,10
DA:85,3
DA:86,2
DA:92,31
DA:97,3
DA:103,34
DA:106,32
DA:107,2
DA:109,32
DA:115,10
DA:118,9
DA:119,1
DA:121,9
DA:126,10
DA:128,10
DA:135,59
DA:136,3
DA:139,56
DA:141,56
DA:150,19
DA:152,15
DA:154,15
DA:155,15
DA:157,15
DA:162,3
DA:166,2
DA:171,2
DA:172,4
DA:178,9
DA:180,6
DA:182,6
DA:183,6
DA:185,6
LF:34
LH:34
BRDA:79,1,0,10
BRDA:79,1,1,2
BRDA:85,2,0,2
BRDA:85,2,1,1
BRDA:103,3,0,32
BRDA:103,3,1,2
BRDA:106,4,0,2
BRDA:106,4,1,30
BRDA:115,5,0,9
BRDA:115,5,1,1
BRDA:118,6,0,1
BRDA:118,6,1,8
BRDA:135,7,0,3
BRDA:135,7,1,56
BRDA:150,8,0,15
BRDA:150,8,1,4
BRF:16
BRH:16
end_of_record
TN:
SF:/usr/home/gerard/Projekte/Solidity/SICOS/Smart Contracts/repository/contracts/token/StokrToken.sol
FN:21,
FN:38,destruct
FN:45,recoverKey
FN:67,totalSupply
FN:74,balanceOf
FN:82,allowance
FN:90,approve
FN:107,transfer
FN:116,transferFrom
FN:129,_transfer
FNF:10
FNH:10
FNDA:28,
FNDA:3,destruct
FNDA:3,recoverKey
FNDA:35,totalSupply
FNDA:91,balanceOf
FNDA:1,allowance
FNDA:2,approve
FNDA:10,transfer
FNDA:2,transferFrom
FNDA:1,_transfer
DA:33,28
DA:34,28
DA:39,3
DA:54,3
DA:57,2
DA:59,2
DA:60,2
DA:62,2
DA:68,35
DA:75,91
DA:83,1
DA:96,2
DA:98,2
DA:100,2
DA:108,10
DA:117,2
DA:119,2
DA:121,2
DA:136,1
DA:137,1
DA:139,1
DA:140,1
DA:142,1
DA:143,1
DA:145,1
DA:147,1
LF:26
LH:26
BRDA:54,1,0,2
BRDA:54,1,1,1
BRDA:117,2,0,2
BRDA:117,2,1,0
BRDA:136,3,0,1
BRDA:136,3,1,0
BRDA:137,4,0,1
BRDA:137,4,1,0
BRF:8
BRH:5
end_of_record
TN:
SF:/usr/home/gerard/Projekte/Solidity/SICOS/Smart Contracts/repository/contracts/whitelist/Whitelist.sol
FN:32,onlyAdmin
FN:39,addAdmin
FN:51,removeAdmin
FN:63,addToWhitelist
FN:75,removeFromWhitelist
FNF:5
FNH:5
FNDA:40,onlyAdmin
FNDA:32,addAdmin
FNDA:3,removeAdmin
FNDA:29,addToWhitelist
FNDA:7,removeFromWhitelist
DA:33,40
DA:34,36
DA:40,32
DA:42,31
DA:43,28
DA:45,28
DA:52,3
DA:54,2
DA:55,1
DA:57,1
DA:64,29
DA:65,111
DA:66,104
DA:68,104
DA:76,7
DA:77,21
DA:78,14
DA:80,14
LF:18
LH:18
BRDA:33,1,0,36
BRDA:33,1,1,4
BRDA:40,2,0,31
BRDA:40,2,1,1
BRDA:42,3,0,28
BRDA:42,3,1,3
BRDA:52,4,0,2
BRDA:52,4,1,1
BRDA:54,5,0,1
BRDA:54,5,1,1
BRDA:65,6,0,104
BRDA:65,6,1,7
BRDA:77,7,0,14
BRDA:77,7,1,7
BRF:14
BRH:14
end_of_record
TN:
SF:/usr/home/gerard/Projekte/Solidity/SICOS/Smart Contracts/repository/contracts/whitelist/Whitelisted.sol
FN:18,onlyWhitelisted
FN:25,
FN:31,setWhitelist
FNF:3
FNH:3
FNDA:114,onlyWhitelisted
FNDA:30,
FNDA:33,setWhitelist
DA:19,114
DA:20,91
DA:26,30
DA:32,33
DA:34,31
DA:35,2
DA:37,31
LF:7
LH:7
BRDA:19,1,0,91
BRDA:19,1,1,23
BRDA:32,2,0,31
BRDA:32,2,1,2
BRDA:34,3,0,2
BRDA:34,3,1,29
BRF:6
BRH:6
end_of_record
